     1 00000000                                 [FORMAT "WCOFF"]
     2 00000000                                 [INSTRSET "i486p"]
     3 00000000                                 [OPTIMIZE 1]
     4 00000000                                 [OPTION 1]
     5 00000000                                 [BITS 32]
     6 00000000                                 	EXTERN	_api_initmalloc
     7 00000000                                 	EXTERN	_api_malloc
     8 00000000                                 	EXTERN	_last_key
     9 00000000                                 	EXTERN	_sprintf
    10 00000000                                 	EXTERN	_api_openwin
    11 00000000                                 	EXTERN	_api_alloctimer
    12 00000000                                 	EXTERN	_api_inittimer
    13 00000000                                 	EXTERN	_api_boxfilwin
    14 00000000                                 	EXTERN	_api_putstrwin
    15 00000000                                 	EXTERN	_api_closewin
    16 00000000                                 	EXTERN	_api_end
    17 00000000                                 	EXTERN	_api_settimer
    18 00000000                                 	EXTERN	_api_getkey
    19 00000000                                 [FILE "snake.c"]
    20                                          [SECTION .data]
    21 00000000                                 _last_key:
    22 00000000 34                              	DB	52
    23 00000001                                 LC0:
    24 00000001 68 75 6E 67 72 79 20 73 6E 61   	DB	"hungry snake %d",0x00
       0000000B 6B 65 20 25 64 00 
    25 00000011                                 LC1:
    26 00000011 2A 00                           	DB	"*",0x00
    27 00000013                                 LC2:
    28 00000013 2B 00                           	DB	"+",0x00
    29                                          [SECTION .text]
    30 00000000                                 	GLOBAL	_HariMain
    31 00000000                                 _HariMain:
    32 00000000 55                              	PUSH	EBP
    33 00000001 89 E5                           	MOV	EBP,ESP
    34 00000003 57                              	PUSH	EDI
    35 00000004 56                              	PUSH	ESI
    36 00000005 BF 00000037                     	MOV	EDI,55
    37 0000000A 53                              	PUSH	EBX
    38 0000000B 83 EC 10                        	SUB	ESP,16
    39 0000000E E8 [00000000]                   	CALL	_api_initmalloc
    40 00000013 68 00009C40                     	PUSH	40000
    41 00000018 E8 [00000000]                   	CALL	_api_malloc
    42 0000001D 89 C3                           	MOV	EBX,EAX
    43 0000001F 8B 45 E4                        	MOV	EAX,DWORD [-28+EBP]
    44 00000022 C6 00 34                        	MOV	BYTE [EAX],52
    45 00000025 0F BE 05 [00000000]             	MOVSX	EAX,BYTE [_last_key]
    46 0000002C 50                              	PUSH	EAX
    47 0000002D 68 [00000001]                   	PUSH	LC0
    48 00000032 56                              	PUSH	ESI
    49 00000033 E8 [00000000]                   	CALL	_sprintf
    50 00000038 56                              	PUSH	ESI
    51 00000039 6A FF                           	PUSH	-1
    52 0000003B 68 000000C8                     	PUSH	200
    53 00000040 68 000000C8                     	PUSH	200
    54 00000045 53                              	PUSH	EBX
    55 00000046 E8 [00000000]                   	CALL	_api_openwin
    56 0000004B 83 C4 24                        	ADD	ESP,36
    57 0000004E 89 C6                           	MOV	ESI,EAX
    58 00000050 E8 [00000000]                   	CALL	_api_alloctimer
    59 00000055 68 00000080                     	PUSH	128
    60 0000005A 50                              	PUSH	EAX
    61 0000005B 89 45 E8                        	MOV	DWORD [-24+EBP],EAX
    62 0000005E E8 [00000000]                   	CALL	_api_inittimer
    63 00000063 6A 00                           	PUSH	0
    64 00000065 68 000000C3                     	PUSH	195
    65 0000006A 68 000000C3                     	PUSH	195
    66 0000006F 6A 19                           	PUSH	25
    67 00000071 6A 05                           	PUSH	5
    68 00000073 56                              	PUSH	ESI
    69 00000074 E8 [00000000]                   	CALL	_api_boxfilwin
    70 00000079 83 C4 20                        	ADD	ESP,32
    71 0000007C C7 45 EC 0000004B               	MOV	DWORD [-20+EBP],75
    72 00000083 68 [00000011]                   	PUSH	LC1
    73 00000088 6A 01                           	PUSH	1
    74 0000008A 6A 03                           	PUSH	3
    75 0000008C 6A 37                           	PUSH	55
    76 0000008E 6A 4B                           	PUSH	75
    77 00000090 56                              	PUSH	ESI
    78 00000091 E8 [00000000]                   	CALL	_api_putstrwin
    79 00000096 68 [00000011]                   	PUSH	LC1
    80 0000009B 6A 01                           	PUSH	1
    81 0000009D 6A 03                           	PUSH	3
    82 0000009F 6A 32                           	PUSH	50
    83 000000A1 6A 32                           	PUSH	50
    84 000000A3 56                              	PUSH	ESI
    85 000000A4 E8 [00000000]                   	CALL	_api_putstrwin
    86 000000A9 83 C4 30                        	ADD	ESP,48
    87 000000AC 68 [00000011]                   	PUSH	LC1
    88 000000B1 6A 01                           	PUSH	1
    89 000000B3 6A 03                           	PUSH	3
    90 000000B5 6A 37                           	PUSH	55
    91 000000B7 6A 37                           	PUSH	55
    92 000000B9 56                              	PUSH	ESI
    93 000000BA E8 [00000000]                   	CALL	_api_putstrwin
    94 000000BF 68 [00000011]                   	PUSH	LC1
    95 000000C4 6A 01                           	PUSH	1
    96 000000C6 6A 03                           	PUSH	3
    97 000000C8 6A 37                           	PUSH	55
    98 000000CA 6A 32                           	PUSH	50
    99 000000CC 56                              	PUSH	ESI
   100 000000CD E8 [00000000]                   	CALL	_api_putstrwin
   101 000000D2 83 C4 30                        	ADD	ESP,48
   102 000000D5 68 [00000011]                   	PUSH	LC1
   103 000000DA 6A 01                           	PUSH	1
   104 000000DC 6A 03                           	PUSH	3
   105 000000DE 6A 32                           	PUSH	50
   106 000000E0 6A 37                           	PUSH	55
   107 000000E2 56                              	PUSH	ESI
   108 000000E3 E8 [00000000]                   	CALL	_api_putstrwin
   109 000000E8 83 C4 18                        	ADD	ESP,24
   110 000000EB                                 L2:
   111 000000EB 8B 45 E4                        	MOV	EAX,DWORD [-28+EBP]
   112 000000EE 0F BE 18                        	MOVSX	EBX,BYTE [EAX]
   113 000000F1 68 [00000011]                   	PUSH	LC1
   114 000000F6 6A 01                           	PUSH	1
   115 000000F8 6A 00                           	PUSH	0
   116 000000FA 57                              	PUSH	EDI
   117 000000FB FF 75 EC                        	PUSH	DWORD [-20+EBP]
   118 000000FE 56                              	PUSH	ESI
   119 000000FF E8 [00000000]                   	CALL	_api_putstrwin
   120 00000104 83 C4 18                        	ADD	ESP,24
   121 00000107 83 FB 34                        	CMP	EBX,52
   122 0000010A 0F 84 000000A5                  	JE	L17
   123 00000110                                 L5:
   124 00000110 83 FB 36                        	CMP	EBX,54
   125 00000113 0F 84 00000086                  	JE	L18
   126 00000119                                 L6:
   127 00000119 83 FB 38                        	CMP	EBX,56
   128 0000011C 74 74                           	JE	L19
   129 0000011E                                 L7:
   130 0000011E 83 FB 32                        	CMP	EBX,50
   131 00000121 74 62                           	JE	L20
   132 00000123                                 L8:
   133 00000123 83 FB 0A                        	CMP	EBX,10
   134 00000126 74 4A                           	JE	L3
   135 00000128 68 [00000011]                   	PUSH	LC1
   136 0000012D 6A 01                           	PUSH	1
   137 0000012F 6A 03                           	PUSH	3
   138 00000131 57                              	PUSH	EDI
   139 00000132 FF 75 EC                        	PUSH	DWORD [-20+EBP]
   140 00000135 56                              	PUSH	ESI
   141 00000136 E8 [00000000]                   	CALL	_api_putstrwin
   142 0000013B 68 [00000013]                   	PUSH	LC2
   143 00000140 6A 01                           	PUSH	1
   144 00000142 6A 04                           	PUSH	4
   145 00000144 6A 50                           	PUSH	80
   146 00000146 6A 50                           	PUSH	80
   147 00000148 56                              	PUSH	ESI
   148 00000149 E8 [00000000]                   	CALL	_api_putstrwin
   149 0000014E B8 04809497                     	MOV	EAX,75535511
   150 00000153 83 C4 30                        	ADD	ESP,48
   151 00000156                                 L14:
   152 00000156 48                              	DEC	EAX
   153 00000157 79 FD                           	JNS	L14
   154 00000159 FF 75 E4                        	PUSH	DWORD [-28+EBP]
   155 0000015C 8D 45 F0                        	LEA	EAX,DWORD [-16+EBP]
   156 0000015F 50                              	PUSH	EAX
   157 00000160 FF 75 E8                        	PUSH	DWORD [-24+EBP]
   158 00000163 6A 01                           	PUSH	1
   159 00000165 E8 0000005E                     	CALL	_wait
   160 0000016A 83 C4 10                        	ADD	ESP,16
   161 0000016D E9 FFFFFF79                     	JMP	L2
   162 00000172                                 L3:
   163 00000172 56                              	PUSH	ESI
   164 00000173 E8 [00000000]                   	CALL	_api_closewin
   165 00000178 E8 [00000000]                   	CALL	_api_end
   166 0000017D 8D 65 F4                        	LEA	ESP,DWORD [-12+EBP]
   167 00000180 5B                              	POP	EBX
   168 00000181 5E                              	POP	ESI
   169 00000182 5F                              	POP	EDI
   170 00000183 5D                              	POP	EBP
   171 00000184 C3                              	RET
   172 00000185                                 L20:
   173 00000185 81 FF 000000B4                  	CMP	EDI,180
   174 0000018B 7F 96                           	JG	L8
   175 0000018D 83 C7 05                        	ADD	EDI,5
   176 00000190 EB 91                           	JMP	L8
   177 00000192                                 L19:
   178 00000192 83 FF 18                        	CMP	EDI,24
   179 00000195 7E 87                           	JLE	L7
   180 00000197 83 EF 05                        	SUB	EDI,5
   181 0000019A E9 FFFFFF7F                     	JMP	L7
   182 0000019F                                 L18:
   183 0000019F 81 7D EC 000000B9               	CMP	DWORD [-20+EBP],185
   184 000001A6 0F 8F FFFFFF6D                  	JG	L6
   185 000001AC 83 45 EC 05                     	ADD	DWORD [-20+EBP],5
   186 000001B0 E9 FFFFFF64                     	JMP	L6
   187 000001B5                                 L17:
   188 000001B5 83 7D EC 05                     	CMP	DWORD [-20+EBP],5
   189 000001B9 0F 8E FFFFFF51                  	JLE	L5
   190 000001BF 83 6D EC 05                     	SUB	DWORD [-20+EBP],5
   191 000001C3 E9 FFFFFF48                     	JMP	L5
   192 000001C8                                 	GLOBAL	_wait
   193 000001C8                                 _wait:
   194 000001C8 55                              	PUSH	EBP
   195 000001C9 89 E5                           	MOV	EBP,ESP
   196 000001CB 57                              	PUSH	EDI
   197 000001CC 56                              	PUSH	ESI
   198 000001CD 53                              	PUSH	EBX
   199 000001CE 8B 7D 10                        	MOV	EDI,DWORD [16+EBP]
   200 000001D1 8B 5D 08                        	MOV	EBX,DWORD [8+EBP]
   201 000001D4 8B 75 14                        	MOV	ESI,DWORD [20+EBP]
   202 000001D7 85 DB                           	TEST	EBX,EBX
   203 000001D9 7E 5B                           	JLE	L22
   204 000001DB 53                              	PUSH	EBX
   205 000001DC BB 00000080                     	MOV	EBX,128
   206 000001E1 FF 75 0C                        	PUSH	DWORD [12+EBP]
   207 000001E4 E8 [00000000]                   	CALL	_api_settimer
   208 000001E9 59                              	POP	ECX
   209 000001EA 58                              	POP	EAX
   210 000001EB                                 L24:
   211 000001EB 6A 01                           	PUSH	1
   212 000001ED E8 [00000000]                   	CALL	_api_getkey
   213 000001F2 5A                              	POP	EDX
   214 000001F3 39 C3                           	CMP	EBX,EAX
   215 000001F5 74 37                           	JE	L21
   216 000001F7 83 F8 34                        	CMP	EAX,52
   217 000001FA 74 2A                           	JE	L32
   218 000001FC                                 L28:
   219 000001FC 83 F8 36                        	CMP	EAX,54
   220 000001FF 74 1C                           	JE	L33
   221 00000201                                 L29:
   222 00000201 83 F8 38                        	CMP	EAX,56
   223 00000204 74 0E                           	JE	L34
   224 00000206                                 L30:
   225 00000206 83 F8 32                        	CMP	EAX,50
   226 00000209 75 E0                           	JNE	L24
   227 0000020B C6 47 03 01                     	MOV	BYTE [3+EDI],1
   228 0000020F C6 06 32                        	MOV	BYTE [ESI],50
   229 00000212 EB D7                           	JMP	L24
   230 00000214                                 L34:
   231 00000214 C6 47 02 01                     	MOV	BYTE [2+EDI],1
   232 00000218 C6 06 38                        	MOV	BYTE [ESI],56
   233 0000021B EB E9                           	JMP	L30
   234 0000021D                                 L33:
   235 0000021D C6 47 01 01                     	MOV	BYTE [1+EDI],1
   236 00000221 C6 06 36                        	MOV	BYTE [ESI],54
   237 00000224 EB DB                           	JMP	L29
   238 00000226                                 L32:
   239 00000226 C6 07 01                        	MOV	BYTE [EDI],1
   240 00000229 C6 06 34                        	MOV	BYTE [ESI],52
   241 0000022C EB CE                           	JMP	L28
   242 0000022E                                 L21:
   243 0000022E 8D 65 F4                        	LEA	ESP,DWORD [-12+EBP]
   244 00000231 5B                              	POP	EBX
   245 00000232 5E                              	POP	ESI
   246 00000233 5F                              	POP	EDI
   247 00000234 5D                              	POP	EBP
   248 00000235 C3                              	RET
   249 00000236                                 L22:
   250 00000236 BB 0000000A                     	MOV	EBX,10
   251 0000023B EB AE                           	JMP	L24
