     1 00000000                                 [FORMAT "WCOFF"]
     2 00000000                                 [INSTRSET "i486p"]
     3 00000000                                 [OPTIMIZE 1]
     4 00000000                                 [OPTION 1]
     5 00000000                                 [BITS 32]
     6 00000000                                 	EXTERN	_init_gdtidt
     7 00000000                                 	EXTERN	_init_pic
     8 00000000                                 	EXTERN	_io_sti
     9 00000000                                 	EXTERN	_fifo32_init
    10 00000000                                 	EXTERN	_init_pit
    11 00000000                                 	EXTERN	_init_keyboard
    12 00000000                                 	EXTERN	_enable_mouse
    13 00000000                                 	EXTERN	_io_out8
    14 00000000                                 	EXTERN	_memtest
    15 00000000                                 	EXTERN	_memman_init
    16 00000000                                 	EXTERN	_memman_free
    17 00000000                                 	EXTERN	_init_palette
    18 00000000                                 	EXTERN	_shtctl_init
    19 00000000                                 	EXTERN	_task_init
    20 00000000                                 	EXTERN	_task_run
    21 00000000                                 	EXTERN	_sheet_alloc
    22 00000000                                 	EXTERN	_memman_alloc_4k
    23 00000000                                 	EXTERN	_sheet_setbuf
    24 00000000                                 	EXTERN	_init_screen8
    25 00000000                                 	EXTERN	_init_mouse_cursor8
    26 00000000                                 	EXTERN	_sheet_slide
    27 00000000                                 	EXTERN	_sheet_updown
    28 00000000                                 	EXTERN	_fifo32_put
    29 00000000                                 	EXTERN	_file_readfat
    30 00000000                                 	EXTERN	_file_search
    31 00000000                                 	EXTERN	_file_loadfile2
    32 00000000                                 	EXTERN	_memman_free_4k
    33 00000000                                 	EXTERN	_fifo32_status
    34 00000000                                 	EXTERN	_io_cli
    35 00000000                                 	EXTERN	_fifo32_get
    36 00000000                                 	EXTERN	_sheet_free
    37 00000000                                 	EXTERN	_taskctl
    38 00000000                                 	EXTERN	_mouse_decode
    39 00000000                                 	EXTERN	_cons_putstr0
    40 00000000                                 	EXTERN	_asm_end_app
    41 00000000                                 	EXTERN	_keytable0.0
    42 00000000                                 	EXTERN	_wait_KBC_sendready
    43 00000000                                 	EXTERN	_keytable1.1
    44 00000000                                 	EXTERN	_task_sleep
    45 00000000                                 	EXTERN	_hankaku
    46 00000000                                 	EXTERN	_change_wtitle8
    47 00000000                                 	EXTERN	_task_alloc
    48 00000000                                 	EXTERN	_console_task
    49 00000000                                 	EXTERN	_make_window8
    50 00000000                                 	EXTERN	_make_textbox8
    51 00000000                                 [FILE "bootpack.c"]
    52                                          [SECTION .data]
    53 00000000                                 _last_key:
    54 00000000 34                              	DB	52
    55 00000001                                 _keytable0.0:
    56 00000001 00                              	DB	0
    57 00000002 00                              	DB	0
    58 00000003 31                              	DB	49
    59 00000004 32                              	DB	50
    60 00000005 33                              	DB	51
    61 00000006 34                              	DB	52
    62 00000007 35                              	DB	53
    63 00000008 36                              	DB	54
    64 00000009 37                              	DB	55
    65 0000000A 38                              	DB	56
    66 0000000B 39                              	DB	57
    67 0000000C 30                              	DB	48
    68 0000000D 2D                              	DB	45
    69 0000000E 5E                              	DB	94
    70 0000000F 08                              	DB	8
    71 00000010 00                              	DB	0
    72 00000011 51                              	DB	81
    73 00000012 57                              	DB	87
    74 00000013 45                              	DB	69
    75 00000014 52                              	DB	82
    76 00000015 54                              	DB	84
    77 00000016 59                              	DB	89
    78 00000017 55                              	DB	85
    79 00000018 49                              	DB	73
    80 00000019 4F                              	DB	79
    81 0000001A 50                              	DB	80
    82 0000001B 40                              	DB	64
    83 0000001C 5B                              	DB	91
    84 0000001D 0A                              	DB	10
    85 0000001E 00                              	DB	0
    86 0000001F 41                              	DB	65
    87 00000020 53                              	DB	83
    88 00000021 44                              	DB	68
    89 00000022 46                              	DB	70
    90 00000023 47                              	DB	71
    91 00000024 48                              	DB	72
    92 00000025 4A                              	DB	74
    93 00000026 4B                              	DB	75
    94 00000027 4C                              	DB	76
    95 00000028 3B                              	DB	59
    96 00000029 3A                              	DB	58
    97 0000002A 00                              	DB	0
    98 0000002B 00                              	DB	0
    99 0000002C 5D                              	DB	93
   100 0000002D 5A                              	DB	90
   101 0000002E 58                              	DB	88
   102 0000002F 43                              	DB	67
   103 00000030 56                              	DB	86
   104 00000031 42                              	DB	66
   105 00000032 4E                              	DB	78
   106 00000033 4D                              	DB	77
   107 00000034 2C                              	DB	44
   108 00000035 2E                              	DB	46
   109 00000036 2F                              	DB	47
   110 00000037 00                              	DB	0
   111 00000038 2A                              	DB	42
   112 00000039 00                              	DB	0
   113 0000003A 20                              	DB	32
   114 0000003B 00                              	DB	0
   115 0000003C 00                              	DB	0
   116 0000003D 00                              	DB	0
   117 0000003E 00                              	DB	0
   118 0000003F 00                              	DB	0
   119 00000040 00                              	DB	0
   120 00000041 00                              	DB	0
   121 00000042 00                              	DB	0
   122 00000043 00                              	DB	0
   123 00000044 00                              	DB	0
   124 00000045 00                              	DB	0
   125 00000046 00                              	DB	0
   126 00000047 00                              	DB	0
   127 00000048 37                              	DB	55
   128 00000049 38                              	DB	56
   129 0000004A 39                              	DB	57
   130 0000004B 2D                              	DB	45
   131 0000004C 34                              	DB	52
   132 0000004D 35                              	DB	53
   133 0000004E 36                              	DB	54
   134 0000004F 2B                              	DB	43
   135 00000050 31                              	DB	49
   136 00000051 32                              	DB	50
   137 00000052 33                              	DB	51
   138 00000053 30                              	DB	48
   139 00000054 2E                              	DB	46
   140 00000055 00                              	DB	0
   141 00000056 00                              	DB	0
   142 00000057 00                              	DB	0
   143 00000058 00                              	DB	0
   144 00000059 00                              	DB	0
   145 0000005A 00                              	DB	0
   146 0000005B 00                              	DB	0
   147 0000005C 00                              	DB	0
   148 0000005D 00                              	DB	0
   149 0000005E 00                              	DB	0
   150 0000005F 00                              	DB	0
   151 00000060 00                              	DB	0
   152 00000061 00                              	DB	0
   153 00000062 00                              	DB	0
   154 00000063 00                              	DB	0
   155 00000064 00                              	DB	0
   156 00000065 00                              	DB	0
   157 00000066 00                              	DB	0
   158 00000067 00                              	DB	0
   159 00000068 00                              	DB	0
   160 00000069 00                              	DB	0
   161 0000006A 00                              	DB	0
   162 0000006B 00                              	DB	0
   163 0000006C 00                              	DB	0
   164 0000006D 00                              	DB	0
   165 0000006E 00                              	DB	0
   166 0000006F 00                              	DB	0
   167 00000070 00                              	DB	0
   168 00000071 00                              	DB	0
   169 00000072 00                              	DB	0
   170 00000073 00                              	DB	0
   171 00000074 5C                              	DB	92
   172 00000075 00                              	DB	0
   173 00000076 00                              	DB	0
   174 00000077 00                              	DB	0
   175 00000078 00                              	DB	0
   176 00000079 00                              	DB	0
   177 0000007A 00                              	DB	0
   178 0000007B 00                              	DB	0
   179 0000007C 00                              	DB	0
   180 0000007D 00                              	DB	0
   181 0000007E 5C                              	DB	92
   182 0000007F 00                              	DB	0
   183 00000080 00                              	DB	0
   184 00000081                                 _keytable1.1:
   185 00000081 00                              	DB	0
   186 00000082 00                              	DB	0
   187 00000083 21                              	DB	33
   188 00000084 22                              	DB	34
   189 00000085 23                              	DB	35
   190 00000086 24                              	DB	36
   191 00000087 25                              	DB	37
   192 00000088 26                              	DB	38
   193 00000089 27                              	DB	39
   194 0000008A 28                              	DB	40
   195 0000008B 29                              	DB	41
   196 0000008C 7E                              	DB	126
   197 0000008D 3D                              	DB	61
   198 0000008E 7E                              	DB	126
   199 0000008F 08                              	DB	8
   200 00000090 00                              	DB	0
   201 00000091 51                              	DB	81
   202 00000092 57                              	DB	87
   203 00000093 45                              	DB	69
   204 00000094 52                              	DB	82
   205 00000095 54                              	DB	84
   206 00000096 59                              	DB	89
   207 00000097 55                              	DB	85
   208 00000098 49                              	DB	73
   209 00000099 4F                              	DB	79
   210 0000009A 50                              	DB	80
   211 0000009B 60                              	DB	96
   212 0000009C 7B                              	DB	123
   213 0000009D 0A                              	DB	10
   214 0000009E 00                              	DB	0
   215 0000009F 41                              	DB	65
   216 000000A0 53                              	DB	83
   217 000000A1 44                              	DB	68
   218 000000A2 46                              	DB	70
   219 000000A3 47                              	DB	71
   220 000000A4 48                              	DB	72
   221 000000A5 4A                              	DB	74
   222 000000A6 4B                              	DB	75
   223 000000A7 4C                              	DB	76
   224 000000A8 2B                              	DB	43
   225 000000A9 2A                              	DB	42
   226 000000AA 00                              	DB	0
   227 000000AB 00                              	DB	0
   228 000000AC 7D                              	DB	125
   229 000000AD 5A                              	DB	90
   230 000000AE 58                              	DB	88
   231 000000AF 43                              	DB	67
   232 000000B0 56                              	DB	86
   233 000000B1 42                              	DB	66
   234 000000B2 4E                              	DB	78
   235 000000B3 4D                              	DB	77
   236 000000B4 3C                              	DB	60
   237 000000B5 3E                              	DB	62
   238 000000B6 3F                              	DB	63
   239 000000B7 00                              	DB	0
   240 000000B8 2A                              	DB	42
   241 000000B9 00                              	DB	0
   242 000000BA 20                              	DB	32
   243 000000BB 00                              	DB	0
   244 000000BC 00                              	DB	0
   245 000000BD 00                              	DB	0
   246 000000BE 00                              	DB	0
   247 000000BF 00                              	DB	0
   248 000000C0 00                              	DB	0
   249 000000C1 00                              	DB	0
   250 000000C2 00                              	DB	0
   251 000000C3 00                              	DB	0
   252 000000C4 00                              	DB	0
   253 000000C5 00                              	DB	0
   254 000000C6 00                              	DB	0
   255 000000C7 00                              	DB	0
   256 000000C8 37                              	DB	55
   257 000000C9 38                              	DB	56
   258 000000CA 39                              	DB	57
   259 000000CB 2D                              	DB	45
   260 000000CC 34                              	DB	52
   261 000000CD 35                              	DB	53
   262 000000CE 36                              	DB	54
   263 000000CF 2B                              	DB	43
   264 000000D0 31                              	DB	49
   265 000000D1 32                              	DB	50
   266 000000D2 33                              	DB	51
   267 000000D3 30                              	DB	48
   268 000000D4 2E                              	DB	46
   269 000000D5 00                              	DB	0
   270 000000D6 00                              	DB	0
   271 000000D7 00                              	DB	0
   272 000000D8 00                              	DB	0
   273 000000D9 00                              	DB	0
   274 000000DA 00                              	DB	0
   275 000000DB 00                              	DB	0
   276 000000DC 00                              	DB	0
   277 000000DD 00                              	DB	0
   278 000000DE 00                              	DB	0
   279 000000DF 00                              	DB	0
   280 000000E0 00                              	DB	0
   281 000000E1 00                              	DB	0
   282 000000E2 00                              	DB	0
   283 000000E3 00                              	DB	0
   284 000000E4 00                              	DB	0
   285 000000E5 00                              	DB	0
   286 000000E6 00                              	DB	0
   287 000000E7 00                              	DB	0
   288 000000E8 00                              	DB	0
   289 000000E9 00                              	DB	0
   290 000000EA 00                              	DB	0
   291 000000EB 00                              	DB	0
   292 000000EC 00                              	DB	0
   293 000000ED 00                              	DB	0
   294 000000EE 00                              	DB	0
   295 000000EF 00                              	DB	0
   296 000000F0 00                              	DB	0
   297 000000F1 00                              	DB	0
   298 000000F2 00                              	DB	0
   299 000000F3 00                              	DB	0
   300 000000F4 5F                              	DB	95
   301 000000F5 00                              	DB	0
   302 000000F6 00                              	DB	0
   303 000000F7 00                              	DB	0
   304 000000F8 00                              	DB	0
   305 000000F9 00                              	DB	0
   306 000000FA 00                              	DB	0
   307 000000FB 00                              	DB	0
   308 000000FC 00                              	DB	0
   309 000000FD 00                              	DB	0
   310 000000FE 7C                              	DB	124
   311 000000FF 00                              	DB	0
   312 00000100 00                              	DB	0
   313 00000101                                 LC0:
   314 00000101 6E 69 68 6F 6E 67 6F 2E 66 6E   	DB	"nihongo.fnt",0x00
       0000010B 74 00 
   315 0000010D                                 LC2:
   316 0000010D 0A 42 72 65 61 6B 28 6D 6F 75   	DB	0x0A,"Break(mouse) :",0x0A,0x00
       00000117 73 65 29 20 3A 0A 00 
   317 0000011E                                 LC1:
   318 0000011E 0A 42 72 65 61 6B 28 6B 65 79   	DB	0x0A,"Break(key) :",0x0A,0x00
       00000128 29 20 3A 0A 00 
   319                                          [SECTION .text]
   320 00000000                                 	GLOBAL	_HariMain
   321 00000000                                 _HariMain:
   322 00000000 55                              	PUSH	EBP
   323 00000001 89 E5                           	MOV	EBP,ESP
   324 00000003 57                              	PUSH	EDI
   325 00000004 56                              	PUSH	ESI
   326 00000005 53                              	PUSH	EBX
   327 00000006 8D 5D A4                        	LEA	EBX,DWORD [-92+EBP]
   328 00000009 81 EC 00000454                  	SUB	ESP,1108
   329 0000000F C7 85 FFFFFBE0 FFFFFFFF         	MOV	DWORD [-1056+EBP],-1
   330 00000019 C7 85 FFFFFBDC 00000000         	MOV	DWORD [-1060+EBP],0
   331 00000023 C7 85 FFFFFBD8 7FFFFFFF         	MOV	DWORD [-1064+EBP],2147483647
   332 0000002D C7 85 FFFFFBD4 00000000         	MOV	DWORD [-1068+EBP],0
   333 00000037 C7 85 FFFFFBC4 00000000         	MOV	DWORD [-1084+EBP],0
   334 00000041 A0 00000FF1                     	MOV	AL,BYTE [4081]
   335 00000046 C0 F8 04                        	SAR	AL,4
   336 00000049 89 C2                           	MOV	EDX,EAX
   337 0000004B 83 E2 07                        	AND	EDX,7
   338 0000004E 89 95 FFFFFBC0                  	MOV	DWORD [-1088+EBP],EDX
   339 00000054 C7 85 FFFFFBBC FFFFFFFF         	MOV	DWORD [-1092+EBP],-1
   340 0000005E C7 85 FFFFFBB8 FFFFFFFF         	MOV	DWORD [-1096+EBP],-1
   341 00000068 C7 85 FFFFFBB4 FFFFFFFF         	MOV	DWORD [-1100+EBP],-1
   342 00000072 C7 85 FFFFFBB0 00000000         	MOV	DWORD [-1104+EBP],0
   343 0000007C C7 85 FFFFFBAC 00000000         	MOV	DWORD [-1108+EBP],0
   344 00000086 E8 [00000000]                   	CALL	_init_gdtidt
   345 0000008B E8 [00000000]                   	CALL	_init_pic
   346 00000090 E8 [00000000]                   	CALL	_io_sti
   347 00000095 8D 85 FFFFFD84                  	LEA	EAX,DWORD [-636+EBP]
   348 0000009B 6A 00                           	PUSH	0
   349 0000009D 50                              	PUSH	EAX
   350 0000009E 68 00000080                     	PUSH	128
   351 000000A3 53                              	PUSH	EBX
   352 000000A4 E8 [00000000]                   	CALL	_fifo32_init
   353 000000A9 89 1D 00000FEC                  	MOV	DWORD [4076],EBX
   354 000000AF E8 [00000000]                   	CALL	_init_pit
   355 000000B4 68 00000100                     	PUSH	256
   356 000000B9 53                              	PUSH	EBX
   357 000000BA E8 [00000000]                   	CALL	_init_keyboard
   358 000000BF 8D 85 FFFFFCF4                  	LEA	EAX,DWORD [-780+EBP]
   359 000000C5 50                              	PUSH	EAX
   360 000000C6 68 00000200                     	PUSH	512
   361 000000CB 53                              	PUSH	EBX
   362 000000CC E8 [00000000]                   	CALL	_enable_mouse
   363 000000D1 83 C4 24                        	ADD	ESP,36
   364 000000D4 68 000000F8                     	PUSH	248
   365 000000D9 6A 21                           	PUSH	33
   366 000000DB E8 [00000000]                   	CALL	_io_out8
   367 000000E0 68 000000EF                     	PUSH	239
   368 000000E5 68 000000A1                     	PUSH	161
   369 000000EA E8 [00000000]                   	CALL	_io_out8
   370 000000EF 8D 85 FFFFFD04                  	LEA	EAX,DWORD [-764+EBP]
   371 000000F5 6A 00                           	PUSH	0
   372 000000F7 50                              	PUSH	EAX
   373 000000F8 8D 45 84                        	LEA	EAX,DWORD [-124+EBP]
   374 000000FB 6A 20                           	PUSH	32
   375 000000FD 50                              	PUSH	EAX
   376 000000FE E8 [00000000]                   	CALL	_fifo32_init
   377 00000103 83 C4 20                        	ADD	ESP,32
   378 00000106 68 BFFFFFFF                     	PUSH	-1073741825
   379 0000010B 68 00400000                     	PUSH	4194304
   380 00000110 E8 [00000000]                   	CALL	_memtest
   381 00000115 68 003C0000                     	PUSH	3932160
   382 0000011A 89 85 FFFFFBD0                  	MOV	DWORD [-1072+EBP],EAX
   383 00000120 E8 [00000000]                   	CALL	_memman_init
   384 00000125 68 0009E000                     	PUSH	647168
   385 0000012A 68 00001000                     	PUSH	4096
   386 0000012F 68 003C0000                     	PUSH	3932160
   387 00000134 E8 [00000000]                   	CALL	_memman_free
   388 00000139 8B 85 FFFFFBD0                  	MOV	EAX,DWORD [-1072+EBP]
   389 0000013F 2D 00400000                     	SUB	EAX,4194304
   390 00000144 50                              	PUSH	EAX
   391 00000145 68 00400000                     	PUSH	4194304
   392 0000014A 68 003C0000                     	PUSH	3932160
   393 0000014F E8 [00000000]                   	CALL	_memman_free
   394 00000154 83 C4 24                        	ADD	ESP,36
   395 00000157 E8 [00000000]                   	CALL	_init_palette
   396 0000015C 0F BF 05 00000FF6               	MOVSX	EAX,WORD [4086]
   397 00000163 50                              	PUSH	EAX
   398 00000164 0F BF 05 00000FF4               	MOVSX	EAX,WORD [4084]
   399 0000016B 50                              	PUSH	EAX
   400 0000016C FF 35 00000FF8                  	PUSH	DWORD [4088]
   401 00000172 68 003C0000                     	PUSH	3932160
   402 00000177 E8 [00000000]                   	CALL	_shtctl_init
   403 0000017C 68 003C0000                     	PUSH	3932160
   404 00000181 89 85 FFFFFBEC                  	MOV	DWORD [-1044+EBP],EAX
   405 00000187 E8 [00000000]                   	CALL	_task_init
   406 0000018C 6A 02                           	PUSH	2
   407 0000018E 6A 01                           	PUSH	1
   408 00000190 89 85 FFFFFBC8                  	MOV	DWORD [-1080+EBP],EAX
   409 00000196 50                              	PUSH	EAX
   410 00000197 89 45 BC                        	MOV	DWORD [-68+EBP],EAX
   411 0000019A E8 [00000000]                   	CALL	_task_run
   412 0000019F 83 C4 20                        	ADD	ESP,32
   413 000001A2 8B 85 FFFFFBC8                  	MOV	EAX,DWORD [-1080+EBP]
   414 000001A8 8B 95 FFFFFBEC                  	MOV	EDX,DWORD [-1044+EBP]
   415 000001AE 89 15 00000FE4                  	MOV	DWORD [4068],EDX
   416 000001B4 C6 80 000000BC 00               	MOV	BYTE [188+EAX],0
   417 000001BB 52                              	PUSH	EDX
   418 000001BC E8 [00000000]                   	CALL	_sheet_alloc
   419 000001C1 89 C6                           	MOV	ESI,EAX
   420 000001C3 0F BF 15 00000FF6               	MOVSX	EDX,WORD [4086]
   421 000001CA 0F BF 05 00000FF4               	MOVSX	EAX,WORD [4084]
   422 000001D1 0F AF C2                        	IMUL	EAX,EDX
   423 000001D4 50                              	PUSH	EAX
   424 000001D5 68 003C0000                     	PUSH	3932160
   425 000001DA E8 [00000000]                   	CALL	_memman_alloc_4k
   426 000001DF 6A FF                           	PUSH	-1
   427 000001E1 89 C3                           	MOV	EBX,EAX
   428 000001E3 0F BF 05 00000FF6               	MOVSX	EAX,WORD [4086]
   429 000001EA 50                              	PUSH	EAX
   430 000001EB 0F BF 05 00000FF4               	MOVSX	EAX,WORD [4084]
   431 000001F2 50                              	PUSH	EAX
   432 000001F3 53                              	PUSH	EBX
   433 000001F4 56                              	PUSH	ESI
   434 000001F5 E8 [00000000]                   	CALL	_sheet_setbuf
   435 000001FA 83 C4 20                        	ADD	ESP,32
   436 000001FD 0F BF 05 00000FF6               	MOVSX	EAX,WORD [4086]
   437 00000204 50                              	PUSH	EAX
   438 00000205 0F BF 05 00000FF4               	MOVSX	EAX,WORD [4084]
   439 0000020C 50                              	PUSH	EAX
   440 0000020D 53                              	PUSH	EBX
   441 0000020E 8D 9D FFFFFBF4                  	LEA	EBX,DWORD [-1036+EBP]
   442 00000214 E8 [00000000]                   	CALL	_init_screen8
   443 00000219 FF B5 FFFFFBD0                  	PUSH	DWORD [-1072+EBP]
   444 0000021F FF B5 FFFFFBEC                  	PUSH	DWORD [-1044+EBP]
   445 00000225 E8 00000A69                     	CALL	_open_console
   446 0000022A FF B5 FFFFFBEC                  	PUSH	DWORD [-1044+EBP]
   447 00000230 89 C7                           	MOV	EDI,EAX
   448 00000232 E8 [00000000]                   	CALL	_sheet_alloc
   449 00000237 6A 63                           	PUSH	99
   450 00000239 6A 10                           	PUSH	16
   451 0000023B 89 85 FFFFFBCC                  	MOV	DWORD [-1076+EBP],EAX
   452 00000241 6A 10                           	PUSH	16
   453 00000243 53                              	PUSH	EBX
   454 00000244 50                              	PUSH	EAX
   455 00000245 E8 [00000000]                   	CALL	_sheet_setbuf
   456 0000024A 83 C4 2C                        	ADD	ESP,44
   457 0000024D 6A 63                           	PUSH	99
   458 0000024F 53                              	PUSH	EBX
   459 00000250 BB 00000002                     	MOV	EBX,2
   460 00000255 E8 [00000000]                   	CALL	_init_mouse_cursor8
   461 0000025A 0F BF 05 00000FF4               	MOVSX	EAX,WORD [4084]
   462 00000261 8D 48 F0                        	LEA	ECX,DWORD [-16+EAX]
   463 00000264 89 C8                           	MOV	EAX,ECX
   464 00000266 99                              	CDQ
   465 00000267 F7 FB                           	IDIV	EBX
   466 00000269 89 85 FFFFFBE8                  	MOV	DWORD [-1048+EBP],EAX
   467 0000026F 0F BF 05 00000FF6               	MOVSX	EAX,WORD [4086]
   468 00000276 6A 00                           	PUSH	0
   469 00000278 8D 48 D4                        	LEA	ECX,DWORD [-44+EAX]
   470 0000027B 6A 00                           	PUSH	0
   471 0000027D 89 C8                           	MOV	EAX,ECX
   472 0000027F 56                              	PUSH	ESI
   473 00000280 99                              	CDQ
   474 00000281 F7 FB                           	IDIV	EBX
   475 00000283 89 85 FFFFFBE4                  	MOV	DWORD [-1052+EBP],EAX
   476 00000289 E8 [00000000]                   	CALL	_sheet_slide
   477 0000028E 6A 04                           	PUSH	4
   478 00000290 6A 20                           	PUSH	32
   479 00000292 57                              	PUSH	EDI
   480 00000293 E8 [00000000]                   	CALL	_sheet_slide
   481 00000298 83 C4 20                        	ADD	ESP,32
   482 0000029B FF B5 FFFFFBE4                  	PUSH	DWORD [-1052+EBP]
   483 000002A1 FF B5 FFFFFBE8                  	PUSH	DWORD [-1048+EBP]
   484 000002A7 FF B5 FFFFFBCC                  	PUSH	DWORD [-1076+EBP]
   485 000002AD E8 [00000000]                   	CALL	_sheet_slide
   486 000002B2 6A 00                           	PUSH	0
   487 000002B4 56                              	PUSH	ESI
   488 000002B5 E8 [00000000]                   	CALL	_sheet_updown
   489 000002BA 6A 01                           	PUSH	1
   490 000002BC 57                              	PUSH	EDI
   491 000002BD E8 [00000000]                   	CALL	_sheet_updown
   492 000002C2 6A 02                           	PUSH	2
   493 000002C4 FF B5 FFFFFBCC                  	PUSH	DWORD [-1076+EBP]
   494 000002CA E8 [00000000]                   	CALL	_sheet_updown
   495 000002CF 83 C4 24                        	ADD	ESP,36
   496 000002D2 57                              	PUSH	EDI
   497 000002D3 E8 000008E7                     	CALL	_keywin_on
   498 000002D8 8D 55 84                        	LEA	EDX,DWORD [-124+EBP]
   499 000002DB 68 000000ED                     	PUSH	237
   500 000002E0 52                              	PUSH	EDX
   501 000002E1 E8 [00000000]                   	CALL	_fifo32_put
   502 000002E6 8D 45 84                        	LEA	EAX,DWORD [-124+EBP]
   503 000002E9 FF B5 FFFFFBC0                  	PUSH	DWORD [-1088+EBP]
   504 000002EF 50                              	PUSH	EAX
   505 000002F0 E8 [00000000]                   	CALL	_fifo32_put
   506 000002F5 68 00002D00                     	PUSH	11520
   507 000002FA 68 003C0000                     	PUSH	3932160
   508 000002FF E8 [00000000]                   	CALL	_memman_alloc_4k
   509 00000304 68 00100200                     	PUSH	1049088
   510 00000309 89 C3                           	MOV	EBX,EAX
   511 0000030B 50                              	PUSH	EAX
   512 0000030C E8 [00000000]                   	CALL	_file_readfat
   513 00000311 83 C4 24                        	ADD	ESP,36
   514 00000314 68 000000E0                     	PUSH	224
   515 00000319 68 00102600                     	PUSH	1058304
   516 0000031E 68 [00000101]                   	PUSH	LC0
   517 00000323 E8 [00000000]                   	CALL	_file_search
   518 00000328 83 C4 0C                        	ADD	ESP,12
   519 0000032B 89 C2                           	MOV	EDX,EAX
   520 0000032D 85 C0                           	TEST	EAX,EAX
   521 0000032F 0F 84 000007F2                  	JE	L2
   522 00000335 8B 40 1C                        	MOV	EAX,DWORD [28+EAX]
   523 00000338 53                              	PUSH	EBX
   524 00000339 89 85 FFFFFBF0                  	MOV	DWORD [-1040+EBP],EAX
   525 0000033F 8D 85 FFFFFBF0                  	LEA	EAX,DWORD [-1040+EBP]
   526 00000345 50                              	PUSH	EAX
   527 00000346 0F B7 42 1A                     	MOVZX	EAX,WORD [26+EDX]
   528 0000034A 50                              	PUSH	EAX
   529 0000034B E8 [00000000]                   	CALL	_file_loadfile2
   530 00000350 83 C4 0C                        	ADD	ESP,12
   531 00000353 89 C1                           	MOV	ECX,EAX
   532 00000355                                 L3:
   533 00000355 89 0D 00000FE8                  	MOV	DWORD [4072],ECX
   534 0000035B 68 00002D00                     	PUSH	11520
   535 00000360 53                              	PUSH	EBX
   536 00000361 68 003C0000                     	PUSH	3932160
   537 00000366 E8 [00000000]                   	CALL	_memman_free_4k
   538 0000036B                                 L90:
   539 0000036B 83 C4 0C                        	ADD	ESP,12
   540 0000036E                                 L14:
   541 0000036E 8D 5D 84                        	LEA	EBX,DWORD [-124+EBP]
   542 00000371 53                              	PUSH	EBX
   543 00000372 E8 [00000000]                   	CALL	_fifo32_status
   544 00000377 5A                              	POP	EDX
   545 00000378 85 C0                           	TEST	EAX,EAX
   546 0000037A 7E 0D                           	JLE	L17
   547 0000037C 83 BD FFFFFBBC 00               	CMP	DWORD [-1092+EBP],0
   548 00000383 0F 88 00000778                  	JS	L94
   549 00000389                                 L17:
   550 00000389 8D 5D A4                        	LEA	EBX,DWORD [-92+EBP]
   551 0000038C E8 [00000000]                   	CALL	_io_cli
   552 00000391 53                              	PUSH	EBX
   553 00000392 E8 [00000000]                   	CALL	_fifo32_status
   554 00000397 5E                              	POP	ESI
   555 00000398 85 C0                           	TEST	EAX,EAX
   556 0000039A 0F 84 00000702                  	JE	L95
   557 000003A0 53                              	PUSH	EBX
   558 000003A1 E8 [00000000]                   	CALL	_fifo32_get
   559 000003A6 89 85 FFFFFBF0                  	MOV	DWORD [-1040+EBP],EAX
   560 000003AC E8 [00000000]                   	CALL	_io_sti
   561 000003B1 5B                              	POP	EBX
   562 000003B2 85 FF                           	TEST	EDI,EDI
   563 000003B4 74 27                           	JE	L24
   564 000003B6 83 7F 1C 00                     	CMP	DWORD [28+EDI],0
   565 000003BA 75 21                           	JNE	L24
   566 000003BC 8B 95 FFFFFBEC                  	MOV	EDX,DWORD [-1044+EBP]
   567 000003C2 31 FF                           	XOR	EDI,EDI
   568 000003C4 8B 42 10                        	MOV	EAX,DWORD [16+EDX]
   569 000003C7 83 F8 01                        	CMP	EAX,1
   570 000003CA 74 11                           	JE	L24
   571 000003CC 8B 95 FFFFFBEC                  	MOV	EDX,DWORD [-1044+EBP]
   572 000003D2 8B 7C 82 10                     	MOV	EDI,DWORD [16+EDX+EAX*4]
   573 000003D6 57                              	PUSH	EDI
   574 000003D7 E8 000007E3                     	CALL	_keywin_on
   575 000003DC 59                              	POP	ECX
   576 000003DD                                 L24:
   577 000003DD 8B 95 FFFFFBF0                  	MOV	EDX,DWORD [-1040+EBP]
   578 000003E3 8D 82 FFFFFF00                  	LEA	EAX,DWORD [-256+EDX]
   579 000003E9 3D 000000FF                     	CMP	EAX,255
   580 000003EE 0F 86 0000039B                  	JBE	L96
   581 000003F4 8D 82 FFFFFE00                  	LEA	EAX,DWORD [-512+EDX]
   582 000003FA 3D 000000FF                     	CMP	EAX,255
   583 000003FF 0F 86 00000093                  	JBE	L97
   584 00000405 8D 82 FFFFFD00                  	LEA	EAX,DWORD [-768+EDX]
   585 0000040B 3D 000000FF                     	CMP	EAX,255
   586 00000410 76 6E                           	JBE	L98
   587 00000412 8D 82 FFFFFC00                  	LEA	EAX,DWORD [-1024+EDX]
   588 00000418 3D 000003E7                     	CMP	EAX,999
   589 0000041D 76 43                           	JBE	L99
   590 0000041F 8D 82 FFFFF818                  	LEA	EAX,DWORD [-2024+EDX]
   591 00000425 3D 000000FF                     	CMP	EAX,255
   592 0000042A 0F 87 FFFFFF3E                  	JA	L14
   593 00000430 6B C2 28                        	IMUL	EAX,EDX,40
   594 00000433 03 85 FFFFFBEC                  	ADD	EAX,DWORD [-1044+EBP]
   595 00000439 68 0000A500                     	PUSH	42240
   596 0000043E FF B0 FFFEC7D4                  	PUSH	DWORD [-79916+EAX]
   597 00000444 68 003C0000                     	PUSH	3932160
   598 00000449 8D 98 FFFEC7D4                  	LEA	EBX,DWORD [-79916+EAX]
   599 0000044F E8 [00000000]                   	CALL	_memman_free_4k
   600 00000454 53                              	PUSH	EBX
   601 00000455 E8 [00000000]                   	CALL	_sheet_free
   602 0000045A 83 C4 10                        	ADD	ESP,16
   603 0000045D E9 FFFFFF0C                     	JMP	L14
   604 00000462                                 L99:
   605 00000462 69 D2 000000C0                  	IMUL	EDX,EDX,192
   606 00000468 03 15 [00000000]                	ADD	EDX,DWORD [_taskctl]
   607 0000046E 8D 82 FFFD0FF8                  	LEA	EAX,DWORD [-192520+EDX]
   608 00000474 50                              	PUSH	EAX
   609 00000475 E8 00000898                     	CALL	_close_constask
   610 0000047A                                 L89:
   611 0000047A 58                              	POP	EAX
   612 0000047B E9 FFFFFEEE                     	JMP	L14
   613 00000480                                 L98:
   614 00000480 6B C2 28                        	IMUL	EAX,EDX,40
   615 00000483 8B 95 FFFFFBEC                  	MOV	EDX,DWORD [-1044+EBP]
   616 00000489 8D 84 10 FFFF8C14               	LEA	EAX,DWORD [-29676+EAX+EDX*1]
   617 00000490 50                              	PUSH	EAX
   618 00000491 E8 000008BC                     	CALL	_close_console
   619 00000496 EB E2                           	JMP	L89
   620 00000498                                 L97:
   621 00000498 0F B6 85 FFFFFBF0               	MOVZX	EAX,BYTE [-1040+EBP]
   622 0000049F 50                              	PUSH	EAX
   623 000004A0 8D 85 FFFFFCF4                  	LEA	EAX,DWORD [-780+EBP]
   624 000004A6 50                              	PUSH	EAX
   625 000004A7 E8 [00000000]                   	CALL	_mouse_decode
   626 000004AC 59                              	POP	ECX
   627 000004AD 5B                              	POP	EBX
   628 000004AE 85 C0                           	TEST	EAX,EAX
   629 000004B0 0F 84 FFFFFEB8                  	JE	L14
   630 000004B6 8B 85 FFFFFCFC                  	MOV	EAX,DWORD [-772+EBP]
   631 000004BC 8B 95 FFFFFCF8                  	MOV	EDX,DWORD [-776+EBP]
   632 000004C2 01 85 FFFFFBE4                  	ADD	DWORD [-1052+EBP],EAX
   633 000004C8 01 95 FFFFFBE8                  	ADD	DWORD [-1048+EBP],EDX
   634 000004CE 0F 88 000002AC                  	JS	L100
   635 000004D4                                 L56:
   636 000004D4 83 BD FFFFFBE4 00               	CMP	DWORD [-1052+EBP],0
   637 000004DB 0F 88 00000290                  	JS	L101
   638 000004E1                                 L57:
   639 000004E1 0F BF 05 00000FF4               	MOVSX	EAX,WORD [4084]
   640 000004E8 48                              	DEC	EAX
   641 000004E9 39 85 FFFFFBE8                  	CMP	DWORD [-1048+EBP],EAX
   642 000004EF 7E 06                           	JLE	L58
   643 000004F1 89 85 FFFFFBE8                  	MOV	DWORD [-1048+EBP],EAX
   644 000004F7                                 L58:
   645 000004F7 0F BF 05 00000FF6               	MOVSX	EAX,WORD [4086]
   646 000004FE 48                              	DEC	EAX
   647 000004FF 39 85 FFFFFBE4                  	CMP	DWORD [-1052+EBP],EAX
   648 00000505 7E 06                           	JLE	L59
   649 00000507 89 85 FFFFFBE4                  	MOV	DWORD [-1052+EBP],EAX
   650 0000050D                                 L59:
   651 0000050D 8B 85 FFFFFBE8                  	MOV	EAX,DWORD [-1048+EBP]
   652 00000513 8B 95 FFFFFBE4                  	MOV	EDX,DWORD [-1052+EBP]
   653 00000519 89 85 FFFFFBE0                  	MOV	DWORD [-1056+EBP],EAX
   654 0000051F 89 95 FFFFFBDC                  	MOV	DWORD [-1060+EBP],EDX
   655 00000525 F7 85 FFFFFD00 00000001         	TEST	DWORD [-768+EBP],1
   656 0000052F 75 40                           	JNE	L102
   657 00000531 C7 85 FFFFFBB8 FFFFFFFF         	MOV	DWORD [-1096+EBP],-1
   658 0000053B 81 BD FFFFFBD8 7FFFFFFF         	CMP	DWORD [-1064+EBP],2147483647
   659 00000545 0F 84 FFFFFE23                  	JE	L14
   660 0000054B                                 L91:
   661 0000054B FF B5 FFFFFBD4                  	PUSH	DWORD [-1068+EBP]
   662 00000551 FF B5 FFFFFBD8                  	PUSH	DWORD [-1064+EBP]
   663 00000557 FF B5 FFFFFBAC                  	PUSH	DWORD [-1108+EBP]
   664 0000055D E8 [00000000]                   	CALL	_sheet_slide
   665 00000562 C7 85 FFFFFBD8 7FFFFFFF         	MOV	DWORD [-1064+EBP],2147483647
   666 0000056C E9 FFFFFDFA                     	JMP	L90
   667 00000571                                 L102:
   668 00000571 83 BD FFFFFBB8 00               	CMP	DWORD [-1096+EBP],0
   669 00000578 78 46                           	JS	L103
   670 0000057A 8B 9D FFFFFBE8                  	MOV	EBX,DWORD [-1048+EBP]
   671 00000580 8B 85 FFFFFBB0                  	MOV	EAX,DWORD [-1104+EBP]
   672 00000586 2B 9D FFFFFBB8                  	SUB	EBX,DWORD [-1096+EBP]
   673 0000058C 8B B5 FFFFFBE4                  	MOV	ESI,DWORD [-1052+EBP]
   674 00000592 2B B5 FFFFFBB4                  	SUB	ESI,DWORD [-1100+EBP]
   675 00000598 8B 95 FFFFFBE4                  	MOV	EDX,DWORD [-1052+EBP]
   676 0000059E 8D 5C 03 02                     	LEA	EBX,DWORD [2+EBX+EAX*1]
   677 000005A2 89 95 FFFFFBB4                  	MOV	DWORD [-1100+EBP],EDX
   678 000005A8 89 9D FFFFFBD8                  	MOV	DWORD [-1064+EBP],EBX
   679 000005AE 01 B5 FFFFFBD4                  	ADD	DWORD [-1068+EBP],ESI
   680 000005B4 83 A5 FFFFFBD8 FC               	AND	DWORD [-1064+EBP],-4
   681 000005BB E9 FFFFFDAE                     	JMP	L14
   682 000005C0                                 L103:
   683 000005C0 8B 85 FFFFFBEC                  	MOV	EAX,DWORD [-1044+EBP]
   684 000005C6 8B 40 10                        	MOV	EAX,DWORD [16+EAX]
   685 000005C9 89 85 FFFFFBA4                  	MOV	DWORD [-1116+EBP],EAX
   686 000005CF 89 C1                           	MOV	ECX,EAX
   687 000005D1                                 L93:
   688 000005D1 49                              	DEC	ECX
   689 000005D2 85 C9                           	TEST	ECX,ECX
   690 000005D4 0F 8E FFFFFD94                  	JLE	L14
   691 000005DA 8B 95 FFFFFBEC                  	MOV	EDX,DWORD [-1044+EBP]
   692 000005E0 8B B5 FFFFFBE4                  	MOV	ESI,DWORD [-1052+EBP]
   693 000005E6 8B 9D FFFFFBE8                  	MOV	EBX,DWORD [-1048+EBP]
   694 000005EC 8B 54 8A 14                     	MOV	EDX,DWORD [20+EDX+ECX*4]
   695 000005F0 89 95 FFFFFBAC                  	MOV	DWORD [-1108+EBP],EDX
   696 000005F6 2B 72 10                        	SUB	ESI,DWORD [16+EDX]
   697 000005F9 2B 5A 0C                        	SUB	EBX,DWORD [12+EDX]
   698 000005FC 78 D3                           	JS	L93
   699 000005FE 8B 42 04                        	MOV	EAX,DWORD [4+EDX]
   700 00000601 39 C3                           	CMP	EBX,EAX
   701 00000603 7D CC                           	JGE	L93
   702 00000605 85 F6                           	TEST	ESI,ESI
   703 00000607 78 C8                           	JS	L93
   704 00000609 3B 72 08                        	CMP	ESI,DWORD [8+EDX]
   705 0000060C 7D C3                           	JGE	L93
   706 0000060E 0F AF C6                        	IMUL	EAX,ESI
   707 00000611 89 85 FFFFFBA0                  	MOV	DWORD [-1120+EBP],EAX
   708 00000617 8B 12                           	MOV	EDX,DWORD [EDX]
   709 00000619 8B 85 FFFFFBA0                  	MOV	EAX,DWORD [-1120+EBP]
   710 0000061F 01 D8                           	ADD	EAX,EBX
   711 00000621 0F B6 04 10                     	MOVZX	EAX,BYTE [EAX+EDX*1]
   712 00000625 8B 95 FFFFFBAC                  	MOV	EDX,DWORD [-1108+EBP]
   713 0000062B 3B 42 14                        	CMP	EAX,DWORD [20+EDX]
   714 0000062E 74 A1                           	JE	L93
   715 00000630 8B 85 FFFFFBA4                  	MOV	EAX,DWORD [-1116+EBP]
   716 00000636 48                              	DEC	EAX
   717 00000637 50                              	PUSH	EAX
   718 00000638 52                              	PUSH	EDX
   719 00000639 E8 [00000000]                   	CALL	_sheet_updown
   720 0000063E 39 BD FFFFFBAC                  	CMP	DWORD [-1108+EBP],EDI
   721 00000644 58                              	POP	EAX
   722 00000645 5A                              	POP	EDX
   723 00000646 74 14                           	JE	L68
   724 00000648 57                              	PUSH	EDI
   725 00000649 E8 00000543                     	CALL	_keywin_off
   726 0000064E 8B BD FFFFFBAC                  	MOV	EDI,DWORD [-1108+EBP]
   727 00000654 57                              	PUSH	EDI
   728 00000655 E8 00000565                     	CALL	_keywin_on
   729 0000065A 5A                              	POP	EDX
   730 0000065B 59                              	POP	ECX
   731 0000065C                                 L68:
   732 0000065C 83 FB 02                        	CMP	EBX,2
   733 0000065F 7E 50                           	JLE	L69
   734 00000661 8B 95 FFFFFBAC                  	MOV	EDX,DWORD [-1108+EBP]
   735 00000667 8B 42 04                        	MOV	EAX,DWORD [4+EDX]
   736 0000066A 83 E8 03                        	SUB	EAX,3
   737 0000066D 39 C3                           	CMP	EBX,EAX
   738 0000066F 7D 40                           	JGE	L69
   739 00000671 83 FE 02                        	CMP	ESI,2
   740 00000674 7E 3B                           	JLE	L69
   741 00000676 83 FE 14                        	CMP	ESI,20
   742 00000679 7F 36                           	JG	L69
   743 0000067B 8B 85 FFFFFBE8                  	MOV	EAX,DWORD [-1048+EBP]
   744 00000681 8B 95 FFFFFBE4                  	MOV	EDX,DWORD [-1052+EBP]
   745 00000687 89 85 FFFFFBB8                  	MOV	DWORD [-1096+EBP],EAX
   746 0000068D 89 95 FFFFFBB4                  	MOV	DWORD [-1100+EBP],EDX
   747 00000693 8B 85 FFFFFBAC                  	MOV	EAX,DWORD [-1108+EBP]
   748 00000699 8B 95 FFFFFBAC                  	MOV	EDX,DWORD [-1108+EBP]
   749 0000069F 8B 40 0C                        	MOV	EAX,DWORD [12+EAX]
   750 000006A2 8B 52 10                        	MOV	EDX,DWORD [16+EDX]
   751 000006A5 89 85 FFFFFBB0                  	MOV	DWORD [-1104+EBP],EAX
   752 000006AB 89 95 FFFFFBD4                  	MOV	DWORD [-1068+EBP],EDX
   753 000006B1                                 L69:
   754 000006B1 8B 85 FFFFFBAC                  	MOV	EAX,DWORD [-1108+EBP]
   755 000006B7 8B 50 04                        	MOV	EDX,DWORD [4+EAX]
   756 000006BA 8D 42 EB                        	LEA	EAX,DWORD [-21+EDX]
   757 000006BD 39 D8                           	CMP	EAX,EBX
   758 000006BF 0F 8F FFFFFCA9                  	JG	L14
   759 000006C5 8D 42 FB                        	LEA	EAX,DWORD [-5+EDX]
   760 000006C8 39 C3                           	CMP	EBX,EAX
   761 000006CA 0F 8D FFFFFC9E                  	JGE	L14
   762 000006D0 83 FE 04                        	CMP	ESI,4
   763 000006D3 0F 8E FFFFFC95                  	JLE	L14
   764 000006D9 83 FE 12                        	CMP	ESI,18
   765 000006DC 0F 8F FFFFFC8C                  	JG	L14
   766 000006E2 8B 95 FFFFFBAC                  	MOV	EDX,DWORD [-1108+EBP]
   767 000006E8 F6 42 1C 10                     	TEST	BYTE [28+EDX],16
   768 000006EC 74 42                           	JE	L104
   769 000006EE 8B 95 FFFFFBAC                  	MOV	EDX,DWORD [-1108+EBP]
   770 000006F4 8B 5A 24                        	MOV	EBX,DWORD [36+EDX]
   771 000006F7 68 [0000010D]                   	PUSH	LC2
   772 000006FC FF B3 000000A4                  	PUSH	DWORD [164+EBX]
   773 00000702 E8 [00000000]                   	CALL	_cons_putstr0
   774 00000707 E8 [00000000]                   	CALL	_io_cli
   775 0000070C 8D 43 30                        	LEA	EAX,DWORD [48+EBX]
   776 0000070F 89 43 54                        	MOV	DWORD [84+EBX],EAX
   777 00000712 C7 43 4C [00000000]             	MOV	DWORD [76+EBX],_asm_end_app
   778 00000719 E8 [00000000]                   	CALL	_io_sti
   779 0000071E 6A 00                           	PUSH	0
   780 00000720 6A FF                           	PUSH	-1
   781 00000722 53                              	PUSH	EBX
   782 00000723 E8 [00000000]                   	CALL	_task_run
   783 00000728 83 C4 14                        	ADD	ESP,20
   784 0000072B E9 FFFFFC3E                     	JMP	L14
   785 00000730                                 L104:
   786 00000730 8B 5A 24                        	MOV	EBX,DWORD [36+EDX]
   787 00000733 6A FF                           	PUSH	-1
   788 00000735 52                              	PUSH	EDX
   789 00000736 E8 [00000000]                   	CALL	_sheet_updown
   790 0000073B 57                              	PUSH	EDI
   791 0000073C E8 00000450                     	CALL	_keywin_off
   792 00000741 8B 95 FFFFFBEC                  	MOV	EDX,DWORD [-1044+EBP]
   793 00000747 8B 42 10                        	MOV	EAX,DWORD [16+EDX]
   794 0000074A 8B 7C 82 10                     	MOV	EDI,DWORD [16+EDX+EAX*4]
   795 0000074E 57                              	PUSH	EDI
   796 0000074F E8 0000046B                     	CALL	_keywin_on
   797 00000754 E8 [00000000]                   	CALL	_io_cli
   798 00000759 8D 43 10                        	LEA	EAX,DWORD [16+EBX]
   799 0000075C 6A 04                           	PUSH	4
   800 0000075E 50                              	PUSH	EAX
   801 0000075F E8 [00000000]                   	CALL	_fifo32_put
   802 00000764 E8 [00000000]                   	CALL	_io_sti
   803 00000769 83 C4 18                        	ADD	ESP,24
   804 0000076C E9 FFFFFBFD                     	JMP	L14
   805 00000771                                 L101:
   806 00000771 C7 85 FFFFFBE4 00000000         	MOV	DWORD [-1052+EBP],0
   807 0000077B E9 FFFFFD61                     	JMP	L57
   808 00000780                                 L100:
   809 00000780 C7 85 FFFFFBE8 00000000         	MOV	DWORD [-1048+EBP],0
   810 0000078A E9 FFFFFD45                     	JMP	L56
   811 0000078F                                 L96:
   812 0000078F 81 FA 0000017F                  	CMP	EDX,383
   813 00000795 0F 8F 000002FE                  	JG	L28
   814 0000079B 83 BD FFFFFBC4 00               	CMP	DWORD [-1084+EBP],0
   815 000007A2 0F 85 000002E6                  	JNE	L29
   816 000007A8 8A 82 [FFFFFF01]                	MOV	AL,BYTE [_keytable0.0-256+EDX]
   817 000007AE                                 L92:
   818 000007AE 88 45 C4                        	MOV	BYTE [-60+EBP],AL
   819 000007B1                                 L31:
   820 000007B1 8A 55 C4                        	MOV	DL,BYTE [-60+EBP]
   821 000007B4 8D 42 BF                        	LEA	EAX,DWORD [-65+EDX]
   822 000007B7 3C 19                           	CMP	AL,25
   823 000007B9 77 1D                           	JA	L32
   824 000007BB F7 85 FFFFFBC0 00000004         	TEST	DWORD [-1088+EBP],4
   825 000007C5 0F 85 000002B4                  	JNE	L87
   826 000007CB 83 BD FFFFFBC4 00               	CMP	DWORD [-1084+EBP],0
   827 000007D2 0F 84 0000029C                  	JE	L34
   828 000007D8                                 L32:
   829 000007D8 8A 45 C4                        	MOV	AL,BYTE [-60+EBP]
   830 000007DB 84 C0                           	TEST	AL,AL
   831 000007DD 74 1B                           	JE	L36
   832 000007DF 85 FF                           	TEST	EDI,EDI
   833 000007E1 74 17                           	JE	L36
   834 000007E3 0F BE C0                        	MOVSX	EAX,AL
   835 000007E6 05 00000100                     	ADD	EAX,256
   836 000007EB 50                              	PUSH	EAX
   837 000007EC 8B 47 24                        	MOV	EAX,DWORD [36+EDI]
   838 000007EF 83 C0 10                        	ADD	EAX,16
   839 000007F2 50                              	PUSH	EAX
   840 000007F3 E8 [00000000]                   	CALL	_fifo32_put
   841 000007F8 58                              	POP	EAX
   842 000007F9 5A                              	POP	EDX
   843 000007FA                                 L36:
   844 000007FA 81 BD FFFFFBF0 0000010F         	CMP	DWORD [-1040+EBP],271
   845 00000804 0F 84 00000235                  	JE	L105
   846 0000080A                                 L37:
   847 0000080A 8B 85 FFFFFBF0                  	MOV	EAX,DWORD [-1040+EBP]
   848 00000810 3D 0000012A                     	CMP	EAX,298
   849 00000815 0F 84 00000218                  	JE	L106
   850 0000081B                                 L39:
   851 0000081B 3D 00000136                     	CMP	EAX,310
   852 00000820 0F 84 00000201                  	JE	L107
   853 00000826                                 L40:
   854 00000826 3D 000001AA                     	CMP	EAX,426
   855 0000082B 0F 84 000001EA                  	JE	L108
   856 00000831                                 L41:
   857 00000831 3D 000001B6                     	CMP	EAX,438
   858 00000836 0F 84 000001D3                  	JE	L109
   859 0000083C                                 L42:
   860 0000083C 3D 0000013A                     	CMP	EAX,314
   861 00000841 0F 84 0000019F                  	JE	L110
   862 00000847                                 L43:
   863 00000847 81 BD FFFFFBF0 00000145         	CMP	DWORD [-1040+EBP],325
   864 00000851 0F 84 00000166                  	JE	L111
   865 00000857                                 L44:
   866 00000857 81 BD FFFFFBF0 00000146         	CMP	DWORD [-1040+EBP],326
   867 00000861 0F 84 0000012D                  	JE	L112
   868 00000867                                 L45:
   869 00000867 81 BD FFFFFBF0 0000013B         	CMP	DWORD [-1040+EBP],315
   870 00000871 0F 84 000000BA                  	JE	L113
   871 00000877                                 L46:
   872 00000877 81 BD FFFFFBF0 0000013C         	CMP	DWORD [-1040+EBP],316
   873 00000881 74 60                           	JE	L114
   874 00000883                                 L48:
   875 00000883 81 BD FFFFFBF0 00000157         	CMP	DWORD [-1040+EBP],343
   876 0000088D 74 3D                           	JE	L115
   877 0000088F                                 L50:
   878 0000088F 8B 85 FFFFFBF0                  	MOV	EAX,DWORD [-1040+EBP]
   879 00000895 3D 000001FA                     	CMP	EAX,506
   880 0000089A 74 24                           	JE	L116
   881 0000089C                                 L51:
   882 0000089C 3D 000001FE                     	CMP	EAX,510
   883 000008A1 0F 85 FFFFFAC7                  	JNE	L14
   884 000008A7 E8 [00000000]                   	CALL	_wait_KBC_sendready
   885 000008AC FF B5 FFFFFBBC                  	PUSH	DWORD [-1092+EBP]
   886 000008B2 6A 60                           	PUSH	96
   887 000008B4 E8 [00000000]                   	CALL	_io_out8
   888 000008B9 5E                              	POP	ESI
   889 000008BA 58                              	POP	EAX
   890 000008BB E9 FFFFFAAE                     	JMP	L14
   891 000008C0                                 L116:
   892 000008C0 C7 85 FFFFFBBC FFFFFFFF         	MOV	DWORD [-1092+EBP],-1
   893 000008CA EB D0                           	JMP	L51
   894 000008CC                                 L115:
   895 000008CC 8B 95 FFFFFBEC                  	MOV	EDX,DWORD [-1044+EBP]
   896 000008D2 8B 42 10                        	MOV	EAX,DWORD [16+EDX]
   897 000008D5 48                              	DEC	EAX
   898 000008D6 50                              	PUSH	EAX
   899 000008D7 FF 72 18                        	PUSH	DWORD [24+EDX]
   900 000008DA E8 [00000000]                   	CALL	_sheet_updown
   901 000008DF 58                              	POP	EAX
   902 000008E0 5A                              	POP	EDX
   903 000008E1 EB AC                           	JMP	L50
   904 000008E3                                 L114:
   905 000008E3 83 BD FFFFFBC4 00               	CMP	DWORD [-1084+EBP],0
   906 000008EA 74 97                           	JE	L48
   907 000008EC 85 FF                           	TEST	EDI,EDI
   908 000008EE 74 07                           	JE	L49
   909 000008F0 57                              	PUSH	EDI
   910 000008F1 E8 0000029B                     	CALL	_keywin_off
   911 000008F6 59                              	POP	ECX
   912 000008F7                                 L49:
   913 000008F7 FF B5 FFFFFBD0                  	PUSH	DWORD [-1072+EBP]
   914 000008FD FF B5 FFFFFBEC                  	PUSH	DWORD [-1044+EBP]
   915 00000903 E8 0000038B                     	CALL	_open_console
   916 00000908 6A 04                           	PUSH	4
   917 0000090A 6A 20                           	PUSH	32
   918 0000090C 89 C7                           	MOV	EDI,EAX
   919 0000090E 50                              	PUSH	EAX
   920 0000090F E8 [00000000]                   	CALL	_sheet_slide
   921 00000914 8B 85 FFFFFBEC                  	MOV	EAX,DWORD [-1044+EBP]
   922 0000091A FF 70 10                        	PUSH	DWORD [16+EAX]
   923 0000091D 57                              	PUSH	EDI
   924 0000091E E8 [00000000]                   	CALL	_sheet_updown
   925 00000923 57                              	PUSH	EDI
   926 00000924 E8 00000296                     	CALL	_keywin_on
   927 00000929 83 C4 20                        	ADD	ESP,32
   928 0000092C E9 FFFFFF52                     	JMP	L48
   929 00000931                                 L113:
   930 00000931 83 BD FFFFFBC4 00               	CMP	DWORD [-1084+EBP],0
   931 00000938 0F 84 FFFFFF39                  	JE	L46
   932 0000093E 85 FF                           	TEST	EDI,EDI
   933 00000940 0F 84 FFFFFF31                  	JE	L46
   934 00000946 8B 5F 24                        	MOV	EBX,DWORD [36+EDI]
   935 00000949 85 DB                           	TEST	EBX,EBX
   936 0000094B 0F 84 FFFFFF26                  	JE	L46
   937 00000951 83 7B 34 00                     	CMP	DWORD [52+EBX],0
   938 00000955 0F 84 FFFFFF1C                  	JE	L46
   939 0000095B 68 [0000011E]                   	PUSH	LC1
   940 00000960 FF B3 000000A4                  	PUSH	DWORD [164+EBX]
   941 00000966 E8 [00000000]                   	CALL	_cons_putstr0
   942 0000096B E8 [00000000]                   	CALL	_io_cli
   943 00000970 8D 43 30                        	LEA	EAX,DWORD [48+EBX]
   944 00000973 89 43 54                        	MOV	DWORD [84+EBX],EAX
   945 00000976 C7 43 4C [00000000]             	MOV	DWORD [76+EBX],_asm_end_app
   946 0000097D E8 [00000000]                   	CALL	_io_sti
   947 00000982 6A 00                           	PUSH	0
   948 00000984 6A FF                           	PUSH	-1
   949 00000986 53                              	PUSH	EBX
   950 00000987 E8 [00000000]                   	CALL	_task_run
   951 0000098C 83 C4 14                        	ADD	ESP,20
   952 0000098F E9 FFFFFEE3                     	JMP	L46
   953 00000994                                 L112:
   954 00000994 68 000000ED                     	PUSH	237
   955 00000999 8D 5D 84                        	LEA	EBX,DWORD [-124+EBP]
   956 0000099C 53                              	PUSH	EBX
   957 0000099D 83 B5 FFFFFBC0 01               	XOR	DWORD [-1088+EBP],1
   958 000009A4 E8 [00000000]                   	CALL	_fifo32_put
   959 000009A9 FF B5 FFFFFBC0                  	PUSH	DWORD [-1088+EBP]
   960 000009AF 53                              	PUSH	EBX
   961 000009B0 E8 [00000000]                   	CALL	_fifo32_put
   962 000009B5 83 C4 10                        	ADD	ESP,16
   963 000009B8 E9 FFFFFEAA                     	JMP	L45
   964 000009BD                                 L111:
   965 000009BD 68 000000ED                     	PUSH	237
   966 000009C2 8D 5D 84                        	LEA	EBX,DWORD [-124+EBP]
   967 000009C5 53                              	PUSH	EBX
   968 000009C6 83 B5 FFFFFBC0 02               	XOR	DWORD [-1088+EBP],2
   969 000009CD E8 [00000000]                   	CALL	_fifo32_put
   970 000009D2 FF B5 FFFFFBC0                  	PUSH	DWORD [-1088+EBP]
   971 000009D8 53                              	PUSH	EBX
   972 000009D9 E8 [00000000]                   	CALL	_fifo32_put
   973 000009DE 83 C4 10                        	ADD	ESP,16
   974 000009E1 E9 FFFFFE71                     	JMP	L44
   975 000009E6                                 L110:
   976 000009E6 68 000000ED                     	PUSH	237
   977 000009EB 8D 5D 84                        	LEA	EBX,DWORD [-124+EBP]
   978 000009EE 53                              	PUSH	EBX
   979 000009EF 83 B5 FFFFFBC0 04               	XOR	DWORD [-1088+EBP],4
   980 000009F6 E8 [00000000]                   	CALL	_fifo32_put
   981 000009FB FF B5 FFFFFBC0                  	PUSH	DWORD [-1088+EBP]
   982 00000A01 53                              	PUSH	EBX
   983 00000A02 E8 [00000000]                   	CALL	_fifo32_put
   984 00000A07 83 C4 10                        	ADD	ESP,16
   985 00000A0A E9 FFFFFE38                     	JMP	L43
   986 00000A0F                                 L109:
   987 00000A0F 83 A5 FFFFFBC4 FD               	AND	DWORD [-1084+EBP],-3
   988 00000A16 E9 FFFFFE21                     	JMP	L42
   989 00000A1B                                 L108:
   990 00000A1B 83 A5 FFFFFBC4 FE               	AND	DWORD [-1084+EBP],-2
   991 00000A22 E9 FFFFFE0A                     	JMP	L41
   992 00000A27                                 L107:
   993 00000A27 83 8D FFFFFBC4 02               	OR	DWORD [-1084+EBP],2
   994 00000A2E E9 FFFFFDF3                     	JMP	L40
   995 00000A33                                 L106:
   996 00000A33 83 8D FFFFFBC4 01               	OR	DWORD [-1084+EBP],1
   997 00000A3A E9 FFFFFDDC                     	JMP	L39
   998 00000A3F                                 L105:
   999 00000A3F 85 FF                           	TEST	EDI,EDI
  1000 00000A41 0F 84 FFFFFDC3                  	JE	L37
  1001 00000A47 57                              	PUSH	EDI
  1002 00000A48 E8 00000144                     	CALL	_keywin_off
  1003 00000A4D 8B 4F 18                        	MOV	ECX,DWORD [24+EDI]
  1004 00000A50 49                              	DEC	ECX
  1005 00000A51 5E                              	POP	ESI
  1006 00000A52 75 0A                           	JNE	L38
  1007 00000A54 8B 85 FFFFFBEC                  	MOV	EAX,DWORD [-1044+EBP]
  1008 00000A5A 8B 48 10                        	MOV	ECX,DWORD [16+EAX]
  1009 00000A5D 49                              	DEC	ECX
  1010 00000A5E                                 L38:
  1011 00000A5E 8B 95 FFFFFBEC                  	MOV	EDX,DWORD [-1044+EBP]
  1012 00000A64 8B 7C 8A 14                     	MOV	EDI,DWORD [20+EDX+ECX*4]
  1013 00000A68 57                              	PUSH	EDI
  1014 00000A69 E8 00000151                     	CALL	_keywin_on
  1015 00000A6E 5B                              	POP	EBX
  1016 00000A6F E9 FFFFFD96                     	JMP	L37
  1017 00000A74                                 L34:
  1018 00000A74 8D 42 20                        	LEA	EAX,DWORD [32+EDX]
  1019 00000A77 88 45 C4                        	MOV	BYTE [-60+EBP],AL
  1020 00000A7A E9 FFFFFD59                     	JMP	L32
  1021 00000A7F                                 L87:
  1022 00000A7F 83 BD FFFFFBC4 00               	CMP	DWORD [-1084+EBP],0
  1023 00000A86 0F 84 FFFFFD4C                  	JE	L32
  1024 00000A8C EB E6                           	JMP	L34
  1025 00000A8E                                 L29:
  1026 00000A8E 8A 82 [FFFFFF81]                	MOV	AL,BYTE [_keytable1.1-256+EDX]
  1027 00000A94 E9 FFFFFD15                     	JMP	L92
  1028 00000A99                                 L28:
  1029 00000A99 C6 45 C4 00                     	MOV	BYTE [-60+EBP],0
  1030 00000A9D E9 FFFFFD0F                     	JMP	L31
  1031 00000AA2                                 L95:
  1032 00000AA2 83 BD FFFFFBE0 00               	CMP	DWORD [-1056+EBP],0
  1033 00000AA9 79 2B                           	JNS	L117
  1034 00000AAB 81 BD FFFFFBD8 7FFFFFFF         	CMP	DWORD [-1064+EBP],2147483647
  1035 00000AB5 75 15                           	JNE	L118
  1036 00000AB7 FF B5 FFFFFBC8                  	PUSH	DWORD [-1080+EBP]
  1037 00000ABD E8 [00000000]                   	CALL	_task_sleep
  1038 00000AC2 E8 [00000000]                   	CALL	_io_sti
  1039 00000AC7 E9 FFFFF9AE                     	JMP	L89
  1040 00000ACC                                 L118:
  1041 00000ACC E8 [00000000]                   	CALL	_io_sti
  1042 00000AD1 E9 FFFFFA75                     	JMP	L91
  1043 00000AD6                                 L117:
  1044 00000AD6 E8 [00000000]                   	CALL	_io_sti
  1045 00000ADB FF B5 FFFFFBDC                  	PUSH	DWORD [-1060+EBP]
  1046 00000AE1 FF B5 FFFFFBE0                  	PUSH	DWORD [-1056+EBP]
  1047 00000AE7 FF B5 FFFFFBCC                  	PUSH	DWORD [-1076+EBP]
  1048 00000AED E8 [00000000]                   	CALL	_sheet_slide
  1049 00000AF2 C7 85 FFFFFBE0 FFFFFFFF         	MOV	DWORD [-1056+EBP],-1
  1050 00000AFC E9 FFFFF86A                     	JMP	L90
  1051 00000B01                                 L94:
  1052 00000B01 53                              	PUSH	EBX
  1053 00000B02 E8 [00000000]                   	CALL	_fifo32_get
  1054 00000B07 89 85 FFFFFBBC                  	MOV	DWORD [-1092+EBP],EAX
  1055 00000B0D E8 [00000000]                   	CALL	_wait_KBC_sendready
  1056 00000B12 FF B5 FFFFFBBC                  	PUSH	DWORD [-1092+EBP]
  1057 00000B18 6A 60                           	PUSH	96
  1058 00000B1A E8 [00000000]                   	CALL	_io_out8
  1059 00000B1F 83 C4 0C                        	ADD	ESP,12
  1060 00000B22 E9 FFFFF862                     	JMP	L17
  1061 00000B27                                 L2:
  1062 00000B27 68 00023840                     	PUSH	145472
  1063 00000B2C 68 003C0000                     	PUSH	3932160
  1064 00000B31 E8 [00000000]                   	CALL	_memman_alloc_4k
  1065 00000B36 31 D2                           	XOR	EDX,EDX
  1066 00000B38 5E                              	POP	ESI
  1067 00000B39 89 C1                           	MOV	ECX,EAX
  1068 00000B3B C7 85 FFFFFBF0 00000000         	MOV	DWORD [-1040+EBP],0
  1069 00000B45 58                              	POP	EAX
  1070 00000B46                                 L8:
  1071 00000B46 8A 82 [00000000]                	MOV	AL,BYTE [_hankaku+EDX]
  1072 00000B4C 88 04 0A                        	MOV	BYTE [EDX+ECX*1],AL
  1073 00000B4F 8B 85 FFFFFBF0                  	MOV	EAX,DWORD [-1040+EBP]
  1074 00000B55 40                              	INC	EAX
  1075 00000B56 89 85 FFFFFBF0                  	MOV	DWORD [-1040+EBP],EAX
  1076 00000B5C 89 C2                           	MOV	EDX,EAX
  1077 00000B5E 3D 00000FFF                     	CMP	EAX,4095
  1078 00000B63 7E E1                           	JLE	L8
  1079 00000B65 C7 85 FFFFFBF0 00001000         	MOV	DWORD [-1040+EBP],4096
  1080 00000B6F B8 00001000                     	MOV	EAX,4096
  1081 00000B74                                 L13:
  1082 00000B74 C6 04 08 FF                     	MOV	BYTE [EAX+ECX*1],-1
  1083 00000B78 8B 85 FFFFFBF0                  	MOV	EAX,DWORD [-1040+EBP]
  1084 00000B7E 40                              	INC	EAX
  1085 00000B7F 89 85 FFFFFBF0                  	MOV	DWORD [-1040+EBP],EAX
  1086 00000B85 3D 0002383F                     	CMP	EAX,145471
  1087 00000B8A 7E E8                           	JLE	L13
  1088 00000B8C E9 FFFFF7C4                     	JMP	L3
  1089 00000B91                                 	GLOBAL	_keywin_off
  1090 00000B91                                 _keywin_off:
  1091 00000B91 55                              	PUSH	EBP
  1092 00000B92 89 E5                           	MOV	EBP,ESP
  1093 00000B94 53                              	PUSH	EBX
  1094 00000B95 6A 00                           	PUSH	0
  1095 00000B97 8B 5D 08                        	MOV	EBX,DWORD [8+EBP]
  1096 00000B9A 53                              	PUSH	EBX
  1097 00000B9B E8 [00000000]                   	CALL	_change_wtitle8
  1098 00000BA0 F6 43 1C 20                     	TEST	BYTE [28+EBX],32
  1099 00000BA4 59                              	POP	ECX
  1100 00000BA5 58                              	POP	EAX
  1101 00000BA6 75 05                           	JNE	L121
  1102 00000BA8                                 L119:
  1103 00000BA8 8B 5D FC                        	MOV	EBX,DWORD [-4+EBP]
  1104 00000BAB C9                              	LEAVE
  1105 00000BAC C3                              	RET
  1106 00000BAD                                 L121:
  1107 00000BAD 6A 03                           	PUSH	3
  1108 00000BAF 8B 43 24                        	MOV	EAX,DWORD [36+EBX]
  1109 00000BB2 83 C0 10                        	ADD	EAX,16
  1110 00000BB5 50                              	PUSH	EAX
  1111 00000BB6 E8 [00000000]                   	CALL	_fifo32_put
  1112 00000BBB 58                              	POP	EAX
  1113 00000BBC 5A                              	POP	EDX
  1114 00000BBD EB E9                           	JMP	L119
  1115 00000BBF                                 	GLOBAL	_keywin_on
  1116 00000BBF                                 _keywin_on:
  1117 00000BBF 55                              	PUSH	EBP
  1118 00000BC0 89 E5                           	MOV	EBP,ESP
  1119 00000BC2 53                              	PUSH	EBX
  1120 00000BC3 6A 01                           	PUSH	1
  1121 00000BC5 8B 5D 08                        	MOV	EBX,DWORD [8+EBP]
  1122 00000BC8 53                              	PUSH	EBX
  1123 00000BC9 E8 [00000000]                   	CALL	_change_wtitle8
  1124 00000BCE F6 43 1C 20                     	TEST	BYTE [28+EBX],32
  1125 00000BD2 59                              	POP	ECX
  1126 00000BD3 58                              	POP	EAX
  1127 00000BD4 75 05                           	JNE	L124
  1128 00000BD6                                 L122:
  1129 00000BD6 8B 5D FC                        	MOV	EBX,DWORD [-4+EBP]
  1130 00000BD9 C9                              	LEAVE
  1131 00000BDA C3                              	RET
  1132 00000BDB                                 L124:
  1133 00000BDB 6A 02                           	PUSH	2
  1134 00000BDD 8B 43 24                        	MOV	EAX,DWORD [36+EBX]
  1135 00000BE0 83 C0 10                        	ADD	EAX,16
  1136 00000BE3 50                              	PUSH	EAX
  1137 00000BE4 E8 [00000000]                   	CALL	_fifo32_put
  1138 00000BE9 58                              	POP	EAX
  1139 00000BEA 5A                              	POP	EDX
  1140 00000BEB EB E9                           	JMP	L122
  1141 00000BED                                 	GLOBAL	_open_constask
  1142 00000BED                                 _open_constask:
  1143 00000BED 55                              	PUSH	EBP
  1144 00000BEE 89 E5                           	MOV	EBP,ESP
  1145 00000BF0 56                              	PUSH	ESI
  1146 00000BF1 53                              	PUSH	EBX
  1147 00000BF2 E8 [00000000]                   	CALL	_task_alloc
  1148 00000BF7 68 00000200                     	PUSH	512
  1149 00000BFC 68 003C0000                     	PUSH	3932160
  1150 00000C01 89 C3                           	MOV	EBX,EAX
  1151 00000C03 E8 [00000000]                   	CALL	_memman_alloc_4k
  1152 00000C08 68 00010000                     	PUSH	65536
  1153 00000C0D 68 003C0000                     	PUSH	3932160
  1154 00000C12 89 C6                           	MOV	ESI,EAX
  1155 00000C14 E8 [00000000]                   	CALL	_memman_alloc_4k
  1156 00000C19 8B 55 08                        	MOV	EDX,DWORD [8+EBP]
  1157 00000C1C C7 43 4C [00000000]             	MOV	DWORD [76+EBX],_console_task
  1158 00000C23 89 83 000000AC                  	MOV	DWORD [172+EBX],EAX
  1159 00000C29 05 0000FFF4                     	ADD	EAX,65524
  1160 00000C2E 89 43 64                        	MOV	DWORD [100+EBX],EAX
  1161 00000C31 C7 43 74 00000008               	MOV	DWORD [116+EBX],8
  1162 00000C38 C7 43 78 00000010               	MOV	DWORD [120+EBX],16
  1163 00000C3F C7 43 7C 00000008               	MOV	DWORD [124+EBX],8
  1164 00000C46 C7 83 00000080 00000008         	MOV	DWORD [128+EBX],8
  1165 00000C50 C7 83 00000084 00000008         	MOV	DWORD [132+EBX],8
  1166 00000C5A C7 83 00000088 00000008         	MOV	DWORD [136+EBX],8
  1167 00000C64 89 50 04                        	MOV	DWORD [4+EAX],EDX
  1168 00000C67 8B 53 64                        	MOV	EDX,DWORD [100+EBX]
  1169 00000C6A 8B 45 0C                        	MOV	EAX,DWORD [12+EBP]
  1170 00000C6D 89 42 08                        	MOV	DWORD [8+EDX],EAX
  1171 00000C70 6A 02                           	PUSH	2
  1172 00000C72 6A 02                           	PUSH	2
  1173 00000C74 53                              	PUSH	EBX
  1174 00000C75 E8 [00000000]                   	CALL	_task_run
  1175 00000C7A 8D 43 10                        	LEA	EAX,DWORD [16+EBX]
  1176 00000C7D 53                              	PUSH	EBX
  1177 00000C7E 56                              	PUSH	ESI
  1178 00000C7F 68 00000080                     	PUSH	128
  1179 00000C84 50                              	PUSH	EAX
  1180 00000C85 E8 [00000000]                   	CALL	_fifo32_init
  1181 00000C8A 8D 65 F8                        	LEA	ESP,DWORD [-8+EBP]
  1182 00000C8D 89 D8                           	MOV	EAX,EBX
  1183 00000C8F 5B                              	POP	EBX
  1184 00000C90 5E                              	POP	ESI
  1185 00000C91 5D                              	POP	EBP
  1186 00000C92 C3                              	RET
  1187                                          [SECTION .data]
  1188 0000012D                                 LC3:
  1189 0000012D 63 6F 6E 73 6F 6C 65 00         	DB	"console",0x00
  1190                                          [SECTION .text]
  1191 00000C93                                 	GLOBAL	_open_console
  1192 00000C93                                 _open_console:
  1193 00000C93 55                              	PUSH	EBP
  1194 00000C94 89 E5                           	MOV	EBP,ESP
  1195 00000C96 56                              	PUSH	ESI
  1196 00000C97 53                              	PUSH	EBX
  1197 00000C98 FF 75 08                        	PUSH	DWORD [8+EBP]
  1198 00000C9B E8 [00000000]                   	CALL	_sheet_alloc
  1199 00000CA0 68 0000A500                     	PUSH	42240
  1200 00000CA5 68 003C0000                     	PUSH	3932160
  1201 00000CAA 89 C3                           	MOV	EBX,EAX
  1202 00000CAC E8 [00000000]                   	CALL	_memman_alloc_4k
  1203 00000CB1 6A FF                           	PUSH	-1
  1204 00000CB3 68 000000A5                     	PUSH	165
  1205 00000CB8 89 C6                           	MOV	ESI,EAX
  1206 00000CBA 68 00000100                     	PUSH	256
  1207 00000CBF 50                              	PUSH	EAX
  1208 00000CC0 53                              	PUSH	EBX
  1209 00000CC1 E8 [00000000]                   	CALL	_sheet_setbuf
  1210 00000CC6 83 C4 20                        	ADD	ESP,32
  1211 00000CC9 6A 00                           	PUSH	0
  1212 00000CCB 68 [0000012D]                   	PUSH	LC3
  1213 00000CD0 68 000000A5                     	PUSH	165
  1214 00000CD5 68 00000100                     	PUSH	256
  1215 00000CDA 56                              	PUSH	ESI
  1216 00000CDB E8 [00000000]                   	CALL	_make_window8
  1217 00000CE0 6A 00                           	PUSH	0
  1218 00000CE2 68 00000080                     	PUSH	128
  1219 00000CE7 68 000000F0                     	PUSH	240
  1220 00000CEC 6A 1C                           	PUSH	28
  1221 00000CEE 6A 08                           	PUSH	8
  1222 00000CF0 53                              	PUSH	EBX
  1223 00000CF1 E8 [00000000]                   	CALL	_make_textbox8
  1224 00000CF6 83 C4 2C                        	ADD	ESP,44
  1225 00000CF9 FF 75 0C                        	PUSH	DWORD [12+EBP]
  1226 00000CFC 53                              	PUSH	EBX
  1227 00000CFD E8 FFFFFEEB                     	CALL	_open_constask
  1228 00000D02 83 4B 1C 20                     	OR	DWORD [28+EBX],32
  1229 00000D06 89 43 24                        	MOV	DWORD [36+EBX],EAX
  1230 00000D09 8D 65 F8                        	LEA	ESP,DWORD [-8+EBP]
  1231 00000D0C 89 D8                           	MOV	EAX,EBX
  1232 00000D0E 5B                              	POP	EBX
  1233 00000D0F 5E                              	POP	ESI
  1234 00000D10 5D                              	POP	EBP
  1235 00000D11 C3                              	RET
  1236 00000D12                                 	GLOBAL	_close_constask
  1237 00000D12                                 _close_constask:
  1238 00000D12 55                              	PUSH	EBP
  1239 00000D13 89 E5                           	MOV	EBP,ESP
  1240 00000D15 53                              	PUSH	EBX
  1241 00000D16 8B 5D 08                        	MOV	EBX,DWORD [8+EBP]
  1242 00000D19 53                              	PUSH	EBX
  1243 00000D1A E8 [00000000]                   	CALL	_task_sleep
  1244 00000D1F 68 00010000                     	PUSH	65536
  1245 00000D24 FF B3 000000AC                  	PUSH	DWORD [172+EBX]
  1246 00000D2A 68 003C0000                     	PUSH	3932160
  1247 00000D2F E8 [00000000]                   	CALL	_memman_free_4k
  1248 00000D34 68 00000200                     	PUSH	512
  1249 00000D39 FF 73 10                        	PUSH	DWORD [16+EBX]
  1250 00000D3C 68 003C0000                     	PUSH	3932160
  1251 00000D41 E8 [00000000]                   	CALL	_memman_free_4k
  1252 00000D46 C7 43 04 00000000               	MOV	DWORD [4+EBX],0
  1253 00000D4D 8B 5D FC                        	MOV	EBX,DWORD [-4+EBP]
  1254 00000D50 C9                              	LEAVE
  1255 00000D51 C3                              	RET
  1256 00000D52                                 	GLOBAL	_close_console
  1257 00000D52                                 _close_console:
  1258 00000D52 55                              	PUSH	EBP
  1259 00000D53 89 E5                           	MOV	EBP,ESP
  1260 00000D55 56                              	PUSH	ESI
  1261 00000D56 53                              	PUSH	EBX
  1262 00000D57 8B 5D 08                        	MOV	EBX,DWORD [8+EBP]
  1263 00000D5A 8B 73 24                        	MOV	ESI,DWORD [36+EBX]
  1264 00000D5D 68 0000A500                     	PUSH	42240
  1265 00000D62 FF 33                           	PUSH	DWORD [EBX]
  1266 00000D64 68 003C0000                     	PUSH	3932160
  1267 00000D69 E8 [00000000]                   	CALL	_memman_free_4k
  1268 00000D6E 53                              	PUSH	EBX
  1269 00000D6F E8 [00000000]                   	CALL	_sheet_free
  1270 00000D74 89 75 08                        	MOV	DWORD [8+EBP],ESI
  1271 00000D77 83 C4 10                        	ADD	ESP,16
  1272 00000D7A 8D 65 F8                        	LEA	ESP,DWORD [-8+EBP]
  1273 00000D7D 5B                              	POP	EBX
  1274 00000D7E 5E                              	POP	ESI
  1275 00000D7F 5D                              	POP	EBP
  1276 00000D80 EB 90                           	JMP	_close_constask
