     1 00000000                                 [FORMAT "WCOFF"]
     2 00000000                                 [INSTRSET "i486p"]
     3 00000000                                 [OPTIMIZE 1]
     4 00000000                                 [OPTION 1]
     5 00000000                                 [BITS 32]
     6 00000000                                 	EXTERN	_io_out8
     7 00000000                                 [FILE "int.c"]
     8                                          [SECTION .data]
     9 00000000                                 _last_key:
    10 00000000 34                              	DB	52
    11                                          [SECTION .text]
    12 00000000                                 	GLOBAL	_init_pic
    13 00000000                                 _init_pic:
    14 00000000 55                              	PUSH	EBP
    15 00000001 89 E5                           	MOV	EBP,ESP
    16 00000003 68 000000FF                     	PUSH	255
    17 00000008 6A 21                           	PUSH	33
    18 0000000A E8 [00000000]                   	CALL	_io_out8
    19 0000000F 68 000000FF                     	PUSH	255
    20 00000014 68 000000A1                     	PUSH	161
    21 00000019 E8 [00000000]                   	CALL	_io_out8
    22 0000001E 6A 11                           	PUSH	17
    23 00000020 6A 20                           	PUSH	32
    24 00000022 E8 [00000000]                   	CALL	_io_out8
    25 00000027 6A 20                           	PUSH	32
    26 00000029 6A 21                           	PUSH	33
    27 0000002B E8 [00000000]                   	CALL	_io_out8
    28 00000030 83 C4 20                        	ADD	ESP,32
    29 00000033 6A 04                           	PUSH	4
    30 00000035 6A 21                           	PUSH	33
    31 00000037 E8 [00000000]                   	CALL	_io_out8
    32 0000003C 6A 01                           	PUSH	1
    33 0000003E 6A 21                           	PUSH	33
    34 00000040 E8 [00000000]                   	CALL	_io_out8
    35 00000045 6A 11                           	PUSH	17
    36 00000047 68 000000A0                     	PUSH	160
    37 0000004C E8 [00000000]                   	CALL	_io_out8
    38 00000051 6A 28                           	PUSH	40
    39 00000053 68 000000A1                     	PUSH	161
    40 00000058 E8 [00000000]                   	CALL	_io_out8
    41 0000005D 83 C4 20                        	ADD	ESP,32
    42 00000060 6A 02                           	PUSH	2
    43 00000062 68 000000A1                     	PUSH	161
    44 00000067 E8 [00000000]                   	CALL	_io_out8
    45 0000006C 6A 01                           	PUSH	1
    46 0000006E 68 000000A1                     	PUSH	161
    47 00000073 E8 [00000000]                   	CALL	_io_out8
    48 00000078 68 000000FB                     	PUSH	251
    49 0000007D 6A 21                           	PUSH	33
    50 0000007F E8 [00000000]                   	CALL	_io_out8
    51 00000084 68 000000FF                     	PUSH	255
    52 00000089 68 000000A1                     	PUSH	161
    53 0000008E E8 [00000000]                   	CALL	_io_out8
    54 00000093 C9                              	LEAVE
    55 00000094 C3                              	RET
