     1 00000000                                 [FORMAT "WCOFF"]
     2 00000000                                 [INSTRSET "i486p"]
     3 00000000                                 [OPTIMIZE 1]
     4 00000000                                 [OPTION 1]
     5 00000000                                 [BITS 32]
     6 00000000                                 	EXTERN	_io_out8
     7 00000000                                 	EXTERN	_io_in8
     8 00000000                                 	EXTERN	_last_key
     9 00000000                                 	EXTERN	_fifo32_put
    10 00000000                                 [FILE "keyboard.c"]
    11                                          [SECTION .data]
    12 00000000                                 _last_key:
    13 00000000 34                              	DB	52
    14                                          [SECTION .text]
    15 00000000                                 	GLOBAL	_inthandler21
    16 00000000                                 _inthandler21:
    17 00000000 55                              	PUSH	EBP
    18 00000001 89 E5                           	MOV	EBP,ESP
    19 00000003 6A 61                           	PUSH	97
    20 00000005 6A 20                           	PUSH	32
    21 00000007 E8 [00000000]                   	CALL	_io_out8
    22 0000000C 6A 60                           	PUSH	96
    23 0000000E E8 [00000000]                   	CALL	_io_in8
    24 00000013 A2 [00000000]                   	MOV	BYTE [_last_key],AL
    25 00000018 03 05 [00000008]                	ADD	EAX,DWORD [_keydata0]
    26 0000001E 50                              	PUSH	EAX
    27 0000001F FF 35 [00000004]                	PUSH	DWORD [_keyfifo]
    28 00000025 E8 [00000000]                   	CALL	_fifo32_put
    29 0000002A C9                              	LEAVE
    30 0000002B C3                              	RET
    31 0000002C                                 	GLOBAL	_wait_KBC_sendready
    32 0000002C                                 _wait_KBC_sendready:
    33 0000002C 55                              	PUSH	EBP
    34 0000002D 89 E5                           	MOV	EBP,ESP
    35 0000002F                                 L3:
    36 0000002F 6A 64                           	PUSH	100
    37 00000031 E8 [00000000]                   	CALL	_io_in8
    38 00000036 5A                              	POP	EDX
    39 00000037 83 E0 02                        	AND	EAX,2
    40 0000003A 75 F3                           	JNE	L3
    41 0000003C C9                              	LEAVE
    42 0000003D C3                              	RET
    43 0000003E                                 	GLOBAL	_init_keyboard
    44 0000003E                                 _init_keyboard:
    45 0000003E 55                              	PUSH	EBP
    46 0000003F 89 E5                           	MOV	EBP,ESP
    47 00000041 8B 45 08                        	MOV	EAX,DWORD [8+EBP]
    48 00000044 A3 [00000004]                   	MOV	DWORD [_keyfifo],EAX
    49 00000049 8B 45 0C                        	MOV	EAX,DWORD [12+EBP]
    50 0000004C A3 [00000008]                   	MOV	DWORD [_keydata0],EAX
    51 00000051 E8 FFFFFFD6                     	CALL	_wait_KBC_sendready
    52 00000056 6A 60                           	PUSH	96
    53 00000058 6A 64                           	PUSH	100
    54 0000005A E8 [00000000]                   	CALL	_io_out8
    55 0000005F E8 FFFFFFC8                     	CALL	_wait_KBC_sendready
    56 00000064 59                              	POP	ECX
    57 00000065 58                              	POP	EAX
    58 00000066 C7 45 0C 00000047               	MOV	DWORD [12+EBP],71
    59 0000006D C7 45 08 00000060               	MOV	DWORD [8+EBP],96
    60 00000074 C9                              	LEAVE
    61 00000075 E9 [00000000]                   	JMP	_io_out8
    62 0000007A                                 	GLOBAL	_keyfifo
    63                                          [SECTION .data]
    64 00000001 00 00 00                        	ALIGNB	4
    65 00000004                                 _keyfifo:
    66 00000004 00 00 00 00                     	RESB	4
    67 00000008                                 	GLOBAL	_keydata0
    68                                          [SECTION .data]
    69 00000008                                 	ALIGNB	4
    70 00000008                                 _keydata0:
    71 00000008 00 00 00 00                     	RESB	4
