     1 00000000                                 [FORMAT "WCOFF"]
     2 00000000                                 [INSTRSET "i486p"]
     3 00000000                                 [OPTIMIZE 1]
     4 00000000                                 [OPTION 1]
     5 00000000                                 [BITS 32]
     6 00000000                                 	EXTERN	__alloca
     7 00000000                                 	EXTERN	_api_cmdline
     8 00000000                                 	EXTERN	_api_fopen
     9 00000000                                 	EXTERN	_api_fsize
    10 00000000                                 	EXTERN	_api_fread
    11 00000000                                 	EXTERN	_api_fclose
    12 00000000                                 	EXTERN	_info_BMP
    13 00000000                                 	EXTERN	_api_end
    14 00000000                                 	EXTERN	_info_JPEG
    15 00000000                                 	EXTERN	_api_putstr0
    16 00000000                                 [FILE "cbg.c"]
    17                                          [SECTION .data]
    18 00000000                                 LC2:
    19 00000000 66 69 6C 65 20 74 79 70 65 20   	DB	"file type unknown.",0x0A,0x00
       0000000A 75 6E 6B 6E 6F 77 6E 2E 0A 00 
    20 00000014                                 LC1:
    21 00000014 66 69 6C 65 20 74 6F 6F 20 6C   	DB	"file too large.",0x0A,0x00
       0000001E 61 72 67 65 2E 0A 00 
    22 00000025                                 LC0:
    23 00000025 66 69 6C 65 20 6E 6F 74 20 66   	DB	"file not found.",0x0A,0x00
       0000002F 6F 75 6E 64 2E 0A 00 
    24                                          [SECTION .text]
    25 00000000                                 	GLOBAL	_HariMain
    26 00000000                                 _HariMain:
    27 00000000 55                              	PUSH	EBP
    28 00000001 B8 0045C690                     	MOV	EAX,4572816
    29 00000006 89 E5                           	MOV	EBP,ESP
    30 00000008 57                              	PUSH	EDI
    31 00000009 56                              	PUSH	ESI
    32 0000000A 53                              	PUSH	EBX
    33 0000000B 8D 9D FFEA3984                  	LEA	EBX,DWORD [-1427068+EBP]
    34 00000011 E8 [00000000]                   	CALL	__alloca
    35 00000016 6A 1E                           	PUSH	30
    36 00000018 53                              	PUSH	EBX
    37 00000019 E8 [00000000]                   	CALL	_api_cmdline
    38 0000001E 5A                              	POP	EDX
    39 0000001F 89 D8                           	MOV	EAX,EBX
    40 00000021 59                              	POP	ECX
    41 00000022 80 BD FFEA3984 20               	CMP	BYTE [-1427068+EBP],32
    42 00000029 7E 06                           	JLE	L17
    43 0000002B                                 L6:
    44 0000002B 40                              	INC	EAX
    45 0000002C 80 38 20                        	CMP	BYTE [EAX],32
    46 0000002F 7F FA                           	JG	L6
    47 00000031                                 L17:
    48 00000031 80 38 20                        	CMP	BYTE [EAX],32
    49 00000034 0F 84 000000A6                  	JE	L11
    50 0000003A                                 L19:
    51 0000003A 50                              	PUSH	EAX
    52 0000003B E8 [00000000]                   	CALL	_api_fopen
    53 00000040 89 C3                           	MOV	EBX,EAX
    54 00000042 58                              	POP	EAX
    55 00000043 85 DB                           	TEST	EBX,EBX
    56 00000045 0F 84 00000085                  	JE	L20
    57 0000004B                                 L12:
    58 0000004B 6A 00                           	PUSH	0
    59 0000004D 53                              	PUSH	EBX
    60 0000004E E8 [00000000]                   	CALL	_api_fsize
    61 00000053 59                              	POP	ECX
    62 00000054 89 C6                           	MOV	ESI,EAX
    63 00000056 5F                              	POP	EDI
    64 00000057 3D 00080000                     	CMP	EAX,524288
    65 0000005C 7F 65                           	JG	L21
    66 0000005E                                 L13:
    67 0000005E 53                              	PUSH	EBX
    68 0000005F 8D BD FFF6FFF4                  	LEA	EDI,DWORD [-589836+EBP]
    69 00000065 56                              	PUSH	ESI
    70 00000066 57                              	PUSH	EDI
    71 00000067 E8 [00000000]                   	CALL	_api_fread
    72 0000006C 53                              	PUSH	EBX
    73 0000006D 8D 9D FFFEFFF4                  	LEA	EBX,DWORD [-65548+EBP]
    74 00000073 E8 [00000000]                   	CALL	_api_fclose
    75 00000078 57                              	PUSH	EDI
    76 00000079 8D 85 FFEA3964                  	LEA	EAX,DWORD [-1427100+EBP]
    77 0000007F 56                              	PUSH	ESI
    78 00000080 50                              	PUSH	EAX
    79 00000081 53                              	PUSH	EBX
    80 00000082 E8 [00000000]                   	CALL	_info_BMP
    81 00000087 83 C4 20                        	ADD	ESP,32
    82 0000008A 85 C0                           	TEST	EAX,EAX
    83 0000008C 74 0D                           	JE	L22
    84 0000008E                                 L14:
    85 0000008E E8 [00000000]                   	CALL	_api_end
    86 00000093 8D 65 F4                        	LEA	ESP,DWORD [-12+EBP]
    87 00000096 5B                              	POP	EBX
    88 00000097 5E                              	POP	ESI
    89 00000098 5F                              	POP	EDI
    90 00000099 5D                              	POP	EBP
    91 0000009A C3                              	RET
    92 0000009B                                 L22:
    93 0000009B 57                              	PUSH	EDI
    94 0000009C 8D 85 FFEA3964                  	LEA	EAX,DWORD [-1427100+EBP]
    95 000000A2 56                              	PUSH	ESI
    96 000000A3 50                              	PUSH	EAX
    97 000000A4 53                              	PUSH	EBX
    98 000000A5 E8 [00000000]                   	CALL	_info_JPEG
    99 000000AA 83 C4 10                        	ADD	ESP,16
   100 000000AD 85 C0                           	TEST	EAX,EAX
   101 000000AF 75 DD                           	JNE	L14
   102 000000B1 68 [00000000]                   	PUSH	LC2
   103 000000B6 E8 [00000000]                   	CALL	_api_putstr0
   104 000000BB E8 [00000000]                   	CALL	_api_end
   105 000000C0 58                              	POP	EAX
   106 000000C1 EB CB                           	JMP	L14
   107 000000C3                                 L21:
   108 000000C3 68 [00000014]                   	PUSH	LC1
   109 000000C8 E8 000000A5                     	CALL	_error
   110 000000CD 5A                              	POP	EDX
   111 000000CE EB 8E                           	JMP	L13
   112 000000D0                                 L20:
   113 000000D0 68 [00000025]                   	PUSH	LC0
   114 000000D5 E8 00000098                     	CALL	_error
   115 000000DA 58                              	POP	EAX
   116 000000DB E9 FFFFFF6B                     	JMP	L12
   117 000000E0                                 L11:
   118 000000E0 40                              	INC	EAX
   119 000000E1 80 38 20                        	CMP	BYTE [EAX],32
   120 000000E4 74 FA                           	JE	L11
   121 000000E6 E9 FFFFFF4F                     	JMP	L19
   122                                          [SECTION .data]
   123 00000036 00 00                           	ALIGNB	4
   124 00000038                                 _table.0:
   125 00000038 00000003                        	DD	3
   126 0000003C 00000001                        	DD	1
   127 00000040 00000000                        	DD	0
   128 00000044 00000002                        	DD	2
   129                                          [SECTION .text]
   130 000000EB                                 	GLOBAL	_rgb2pal
   131 000000EB                                 _rgb2pal:
   132 000000EB 55                              	PUSH	EBP
   133 000000EC 89 E5                           	MOV	EBP,ESP
   134 000000EE 57                              	PUSH	EDI
   135 000000EF 56                              	PUSH	ESI
   136 000000F0 BF 00000100                     	MOV	EDI,256
   137 000000F5 53                              	PUSH	EBX
   138 000000F6 BE 00000100                     	MOV	ESI,256
   139 000000FB 83 EC 14                        	SUB	ESP,20
   140 000000FE 6B 4D 08 15                     	IMUL	ECX,DWORD [8+EBP],21
   141 00000102 8B 55 14                        	MOV	EDX,DWORD [20+EBP]
   142 00000105 8B 45 18                        	MOV	EAX,DWORD [24+EBP]
   143 00000108 83 E2 01                        	AND	EDX,1
   144 0000010B 83 E0 01                        	AND	EAX,1
   145 0000010E 8D 04 42                        	LEA	EAX,DWORD [EDX+EAX*2]
   146 00000111 8B 1C 85 [00000038]             	MOV	EBX,DWORD [_table.0+EAX*4]
   147 00000118 89 C8                           	MOV	EAX,ECX
   148 0000011A 99                              	CDQ
   149 0000011B F7 FE                           	IDIV	ESI
   150 0000011D 6B 75 0C 15                     	IMUL	ESI,DWORD [12+EBP],21
   151 00000121 89 C1                           	MOV	ECX,EAX
   152 00000123 89 F0                           	MOV	EAX,ESI
   153 00000125 99                              	CDQ
   154 00000126 F7 FF                           	IDIV	EDI
   155 00000128 6B 75 10 15                     	IMUL	ESI,DWORD [16+EBP],21
   156 0000012C 89 45 E0                        	MOV	DWORD [-32+EBP],EAX
   157 0000012F 01 D9                           	ADD	ECX,EBX
   158 00000131 89 F0                           	MOV	EAX,ESI
   159 00000133 99                              	CDQ
   160 00000134 F7 FF                           	IDIV	EDI
   161 00000136 89 C6                           	MOV	ESI,EAX
   162 00000138 BF 00000004                     	MOV	EDI,4
   163 0000013D 89 C8                           	MOV	EAX,ECX
   164 0000013F 99                              	CDQ
   165 00000140 F7 FF                           	IDIV	EDI
   166 00000142 89 C1                           	MOV	ECX,EAX
   167 00000144 8B 45 E0                        	MOV	EAX,DWORD [-32+EBP]
   168 00000147 01 D8                           	ADD	EAX,EBX
   169 00000149 8D 1C 33                        	LEA	EBX,DWORD [EBX+ESI*1]
   170 0000014C 99                              	CDQ
   171 0000014D F7 FF                           	IDIV	EDI
   172 0000014F 89 45 E0                        	MOV	DWORD [-32+EBP],EAX
   173 00000152 89 D8                           	MOV	EAX,EBX
   174 00000154 99                              	CDQ
   175 00000155 F7 FF                           	IDIV	EDI
   176 00000157 89 C3                           	MOV	EBX,EAX
   177 00000159 6B 45 E0 06                     	IMUL	EAX,DWORD [-32+EBP],6
   178 0000015D 6B D3 24                        	IMUL	EDX,EBX,36
   179 00000160 83 C4 14                        	ADD	ESP,20
   180 00000163 8D 04 08                        	LEA	EAX,DWORD [EAX+ECX*1]
   181 00000166 5B                              	POP	EBX
   182 00000167 5E                              	POP	ESI
   183 00000168 8D 44 02 10                     	LEA	EAX,DWORD [16+EDX+EAX*1]
   184 0000016C 5F                              	POP	EDI
   185 0000016D 0F B6 C0                        	MOVZX	EAX,AL
   186 00000170 5D                              	POP	EBP
   187 00000171 C3                              	RET
   188 00000172                                 	GLOBAL	_error
   189 00000172                                 _error:
   190 00000172 55                              	PUSH	EBP
   191 00000173 89 E5                           	MOV	EBP,ESP
   192 00000175 FF 75 08                        	PUSH	DWORD [8+EBP]
   193 00000178 E8 [00000000]                   	CALL	_api_putstr0
   194 0000017D 58                              	POP	EAX
   195 0000017E C9                              	LEAVE
   196 0000017F E9 [00000000]                   	JMP	_api_end
